[2024-12-07T00:41:54.287+0000] {processor.py:157} INFO - Started process (PID=976) to work on /opt/airflow/dags/vertica_load_dag.py
[2024-12-07T00:41:54.295+0000] {processor.py:829} INFO - Processing file /opt/airflow/dags/vertica_load_dag.py for tasks to queue
[2024-12-07T00:41:54.297+0000] {logging_mixin.py:151} INFO - [2024-12-07T00:41:54.296+0000] {dagbag.py:539} INFO - Filling up the DagBag from /opt/airflow/dags/vertica_load_dag.py
[2024-12-07T00:41:54.313+0000] {processor.py:839} INFO - DAG(s) dict_keys(['load_data_to_vertica']) retrieved from /opt/airflow/dags/vertica_load_dag.py
[2024-12-07T00:41:54.351+0000] {logging_mixin.py:151} INFO - [2024-12-07T00:41:54.351+0000] {dag.py:2915} INFO - Sync 1 DAGs
[2024-12-07T00:41:54.377+0000] {logging_mixin.py:151} INFO - [2024-12-07T00:41:54.377+0000] {dag.py:3696} INFO - Setting next_dagrun for load_data_to_vertica to 2024-12-07T00:00:00+00:00, run_after=2024-12-08T00:00:00+00:00
[2024-12-07T00:41:54.398+0000] {processor.py:179} INFO - Processing /opt/airflow/dags/vertica_load_dag.py took 0.121 seconds
[2024-12-07T02:00:31.669+0000] {processor.py:157} INFO - Started process (PID=982) to work on /opt/airflow/dags/vertica_load_dag.py
[2024-12-07T02:00:31.671+0000] {processor.py:829} INFO - Processing file /opt/airflow/dags/vertica_load_dag.py for tasks to queue
[2024-12-07T02:00:31.674+0000] {logging_mixin.py:151} INFO - [2024-12-07T02:00:31.673+0000] {dagbag.py:539} INFO - Filling up the DagBag from /opt/airflow/dags/vertica_load_dag.py
[2024-12-07T02:00:31.735+0000] {processor.py:839} INFO - DAG(s) dict_keys(['load_data_to_vertica']) retrieved from /opt/airflow/dags/vertica_load_dag.py
[2024-12-07T02:00:31.807+0000] {logging_mixin.py:151} INFO - [2024-12-07T02:00:31.806+0000] {dag.py:2915} INFO - Sync 1 DAGs
[2024-12-07T02:00:31.836+0000] {logging_mixin.py:151} INFO - [2024-12-07T02:00:31.835+0000] {dag.py:3696} INFO - Setting next_dagrun for load_data_to_vertica to 2024-12-07T00:00:00+00:00, run_after=2024-12-08T00:00:00+00:00
[2024-12-07T02:00:31.859+0000] {processor.py:179} INFO - Processing /opt/airflow/dags/vertica_load_dag.py took 0.197 seconds
[2024-12-07T02:48:19.882+0000] {processor.py:157} INFO - Started process (PID=987) to work on /opt/airflow/dags/vertica_load_dag.py
[2024-12-07T02:48:19.883+0000] {processor.py:829} INFO - Processing file /opt/airflow/dags/vertica_load_dag.py for tasks to queue
[2024-12-07T02:48:19.885+0000] {logging_mixin.py:151} INFO - [2024-12-07T02:48:19.884+0000] {dagbag.py:539} INFO - Filling up the DagBag from /opt/airflow/dags/vertica_load_dag.py
[2024-12-07T02:48:19.933+0000] {processor.py:839} INFO - DAG(s) dict_keys(['load_data_to_vertica']) retrieved from /opt/airflow/dags/vertica_load_dag.py
[2024-12-07T02:48:19.983+0000] {logging_mixin.py:151} INFO - [2024-12-07T02:48:19.983+0000] {dag.py:2915} INFO - Sync 1 DAGs
[2024-12-07T02:48:20.010+0000] {logging_mixin.py:151} INFO - [2024-12-07T02:48:20.010+0000] {dag.py:3696} INFO - Setting next_dagrun for load_data_to_vertica to 2024-12-07T00:00:00+00:00, run_after=2024-12-08T00:00:00+00:00
[2024-12-07T02:48:20.036+0000] {processor.py:179} INFO - Processing /opt/airflow/dags/vertica_load_dag.py took 0.165 seconds
[2024-12-07T03:21:24.824+0000] {processor.py:157} INFO - Started process (PID=994) to work on /opt/airflow/dags/vertica_load_dag.py
[2024-12-07T03:21:24.826+0000] {processor.py:829} INFO - Processing file /opt/airflow/dags/vertica_load_dag.py for tasks to queue
[2024-12-07T03:21:24.830+0000] {logging_mixin.py:151} INFO - [2024-12-07T03:21:24.828+0000] {dagbag.py:539} INFO - Filling up the DagBag from /opt/airflow/dags/vertica_load_dag.py
[2024-12-07T03:21:24.883+0000] {processor.py:839} INFO - DAG(s) dict_keys(['load_data_to_vertica']) retrieved from /opt/airflow/dags/vertica_load_dag.py
[2024-12-07T03:21:24.931+0000] {logging_mixin.py:151} INFO - [2024-12-07T03:21:24.931+0000] {dag.py:2915} INFO - Sync 1 DAGs
[2024-12-07T03:21:24.964+0000] {logging_mixin.py:151} INFO - [2024-12-07T03:21:24.964+0000] {dag.py:3696} INFO - Setting next_dagrun for load_data_to_vertica to 2024-12-07T00:00:00+00:00, run_after=2024-12-08T00:00:00+00:00
[2024-12-07T03:21:24.994+0000] {processor.py:179} INFO - Processing /opt/airflow/dags/vertica_load_dag.py took 0.174 seconds
[2024-12-07T04:29:33.140+0000] {processor.py:157} INFO - Started process (PID=999) to work on /opt/airflow/dags/vertica_load_dag.py
[2024-12-07T04:29:33.141+0000] {processor.py:829} INFO - Processing file /opt/airflow/dags/vertica_load_dag.py for tasks to queue
[2024-12-07T04:29:33.142+0000] {logging_mixin.py:151} INFO - [2024-12-07T04:29:33.142+0000] {dagbag.py:539} INFO - Filling up the DagBag from /opt/airflow/dags/vertica_load_dag.py
[2024-12-07T04:29:33.160+0000] {processor.py:839} INFO - DAG(s) dict_keys(['load_data_to_vertica']) retrieved from /opt/airflow/dags/vertica_load_dag.py
[2024-12-07T04:29:33.194+0000] {logging_mixin.py:151} INFO - [2024-12-07T04:29:33.194+0000] {dag.py:2915} INFO - Sync 1 DAGs
[2024-12-07T04:29:33.210+0000] {logging_mixin.py:151} INFO - [2024-12-07T04:29:33.210+0000] {dag.py:3696} INFO - Setting next_dagrun for load_data_to_vertica to 2024-12-07T00:00:00+00:00, run_after=2024-12-08T00:00:00+00:00
[2024-12-07T04:29:33.220+0000] {processor.py:179} INFO - Processing /opt/airflow/dags/vertica_load_dag.py took 0.091 seconds
[2024-12-07T05:30:35.543+0000] {processor.py:157} INFO - Started process (PID=1004) to work on /opt/airflow/dags/vertica_load_dag.py
[2024-12-07T05:30:35.544+0000] {processor.py:829} INFO - Processing file /opt/airflow/dags/vertica_load_dag.py for tasks to queue
[2024-12-07T05:30:35.547+0000] {logging_mixin.py:151} INFO - [2024-12-07T05:30:35.545+0000] {dagbag.py:539} INFO - Filling up the DagBag from /opt/airflow/dags/vertica_load_dag.py
[2024-12-07T05:30:35.567+0000] {processor.py:839} INFO - DAG(s) dict_keys(['load_data_to_vertica']) retrieved from /opt/airflow/dags/vertica_load_dag.py
[2024-12-07T05:30:35.597+0000] {logging_mixin.py:151} INFO - [2024-12-07T05:30:35.597+0000] {dag.py:2915} INFO - Sync 1 DAGs
[2024-12-07T05:30:35.611+0000] {logging_mixin.py:151} INFO - [2024-12-07T05:30:35.611+0000] {dag.py:3696} INFO - Setting next_dagrun for load_data_to_vertica to 2024-12-07T00:00:00+00:00, run_after=2024-12-08T00:00:00+00:00
[2024-12-07T05:30:35.628+0000] {processor.py:179} INFO - Processing /opt/airflow/dags/vertica_load_dag.py took 0.091 seconds
[2024-12-07T06:31:42.138+0000] {processor.py:157} INFO - Started process (PID=1009) to work on /opt/airflow/dags/vertica_load_dag.py
[2024-12-07T06:31:42.139+0000] {processor.py:829} INFO - Processing file /opt/airflow/dags/vertica_load_dag.py for tasks to queue
[2024-12-07T06:31:42.141+0000] {logging_mixin.py:151} INFO - [2024-12-07T06:31:42.140+0000] {dagbag.py:539} INFO - Filling up the DagBag from /opt/airflow/dags/vertica_load_dag.py
[2024-12-07T06:31:42.165+0000] {processor.py:839} INFO - DAG(s) dict_keys(['load_data_to_vertica']) retrieved from /opt/airflow/dags/vertica_load_dag.py
[2024-12-07T06:31:42.192+0000] {logging_mixin.py:151} INFO - [2024-12-07T06:31:42.192+0000] {dag.py:2915} INFO - Sync 1 DAGs
[2024-12-07T06:31:42.204+0000] {logging_mixin.py:151} INFO - [2024-12-07T06:31:42.204+0000] {dag.py:3696} INFO - Setting next_dagrun for load_data_to_vertica to 2024-12-07T00:00:00+00:00, run_after=2024-12-08T00:00:00+00:00
[2024-12-07T06:31:42.220+0000] {processor.py:179} INFO - Processing /opt/airflow/dags/vertica_load_dag.py took 0.093 seconds
[2024-12-07T07:32:33.504+0000] {processor.py:157} INFO - Started process (PID=1016) to work on /opt/airflow/dags/vertica_load_dag.py
[2024-12-07T07:32:33.505+0000] {processor.py:829} INFO - Processing file /opt/airflow/dags/vertica_load_dag.py for tasks to queue
[2024-12-07T07:32:33.506+0000] {logging_mixin.py:151} INFO - [2024-12-07T07:32:33.505+0000] {dagbag.py:539} INFO - Filling up the DagBag from /opt/airflow/dags/vertica_load_dag.py
[2024-12-07T07:32:33.537+0000] {processor.py:839} INFO - DAG(s) dict_keys(['load_data_to_vertica']) retrieved from /opt/airflow/dags/vertica_load_dag.py
[2024-12-07T07:32:33.573+0000] {logging_mixin.py:151} INFO - [2024-12-07T07:32:33.572+0000] {dag.py:2915} INFO - Sync 1 DAGs
[2024-12-07T07:32:33.608+0000] {logging_mixin.py:151} INFO - [2024-12-07T07:32:33.608+0000] {dag.py:3696} INFO - Setting next_dagrun for load_data_to_vertica to 2024-12-07T00:00:00+00:00, run_after=2024-12-08T00:00:00+00:00
[2024-12-07T07:32:33.637+0000] {processor.py:179} INFO - Processing /opt/airflow/dags/vertica_load_dag.py took 0.137 seconds
[2024-12-07T08:33:40.174+0000] {processor.py:157} INFO - Started process (PID=1021) to work on /opt/airflow/dags/vertica_load_dag.py
[2024-12-07T08:33:40.175+0000] {processor.py:829} INFO - Processing file /opt/airflow/dags/vertica_load_dag.py for tasks to queue
[2024-12-07T08:33:40.175+0000] {logging_mixin.py:151} INFO - [2024-12-07T08:33:40.175+0000] {dagbag.py:539} INFO - Filling up the DagBag from /opt/airflow/dags/vertica_load_dag.py
[2024-12-07T08:33:40.195+0000] {processor.py:839} INFO - DAG(s) dict_keys(['load_data_to_vertica']) retrieved from /opt/airflow/dags/vertica_load_dag.py
[2024-12-07T08:33:40.238+0000] {logging_mixin.py:151} INFO - [2024-12-07T08:33:40.238+0000] {dag.py:2915} INFO - Sync 1 DAGs
[2024-12-07T08:33:40.254+0000] {logging_mixin.py:151} INFO - [2024-12-07T08:33:40.253+0000] {dag.py:3696} INFO - Setting next_dagrun for load_data_to_vertica to 2024-12-07T00:00:00+00:00, run_after=2024-12-08T00:00:00+00:00
[2024-12-07T08:33:40.261+0000] {processor.py:179} INFO - Processing /opt/airflow/dags/vertica_load_dag.py took 0.091 seconds
[2024-12-07T09:50:58.532+0000] {processor.py:157} INFO - Started process (PID=1026) to work on /opt/airflow/dags/vertica_load_dag.py
[2024-12-07T09:50:58.533+0000] {processor.py:829} INFO - Processing file /opt/airflow/dags/vertica_load_dag.py for tasks to queue
[2024-12-07T09:50:58.534+0000] {logging_mixin.py:151} INFO - [2024-12-07T09:50:58.534+0000] {dagbag.py:539} INFO - Filling up the DagBag from /opt/airflow/dags/vertica_load_dag.py
[2024-12-07T09:50:58.558+0000] {processor.py:839} INFO - DAG(s) dict_keys(['load_data_to_vertica']) retrieved from /opt/airflow/dags/vertica_load_dag.py
[2024-12-07T09:50:58.591+0000] {logging_mixin.py:151} INFO - [2024-12-07T09:50:58.591+0000] {dag.py:2915} INFO - Sync 1 DAGs
[2024-12-07T09:50:58.618+0000] {logging_mixin.py:151} INFO - [2024-12-07T09:50:58.618+0000] {dag.py:3696} INFO - Setting next_dagrun for load_data_to_vertica to 2024-12-07T00:00:00+00:00, run_after=2024-12-08T00:00:00+00:00
[2024-12-07T09:50:58.636+0000] {processor.py:179} INFO - Processing /opt/airflow/dags/vertica_load_dag.py took 0.109 seconds
[2024-12-07T10:53:37.041+0000] {processor.py:157} INFO - Started process (PID=1031) to work on /opt/airflow/dags/vertica_load_dag.py
[2024-12-07T10:53:37.042+0000] {processor.py:829} INFO - Processing file /opt/airflow/dags/vertica_load_dag.py for tasks to queue
[2024-12-07T10:53:37.043+0000] {logging_mixin.py:151} INFO - [2024-12-07T10:53:37.043+0000] {dagbag.py:539} INFO - Filling up the DagBag from /opt/airflow/dags/vertica_load_dag.py
[2024-12-07T10:53:37.077+0000] {processor.py:839} INFO - DAG(s) dict_keys(['load_data_to_vertica']) retrieved from /opt/airflow/dags/vertica_load_dag.py
[2024-12-07T10:53:37.099+0000] {logging_mixin.py:151} INFO - [2024-12-07T10:53:37.099+0000] {dag.py:2915} INFO - Sync 1 DAGs
[2024-12-07T10:53:37.111+0000] {logging_mixin.py:151} INFO - [2024-12-07T10:53:37.111+0000] {dag.py:3696} INFO - Setting next_dagrun for load_data_to_vertica to 2024-12-07T00:00:00+00:00, run_after=2024-12-08T00:00:00+00:00
[2024-12-07T10:53:37.119+0000] {processor.py:179} INFO - Processing /opt/airflow/dags/vertica_load_dag.py took 0.081 seconds
[2024-12-07T11:18:21.944+0000] {processor.py:157} INFO - Started process (PID=1038) to work on /opt/airflow/dags/vertica_load_dag.py
[2024-12-07T11:18:21.946+0000] {processor.py:829} INFO - Processing file /opt/airflow/dags/vertica_load_dag.py for tasks to queue
[2024-12-07T11:18:21.948+0000] {logging_mixin.py:151} INFO - [2024-12-07T11:18:21.948+0000] {dagbag.py:539} INFO - Filling up the DagBag from /opt/airflow/dags/vertica_load_dag.py
[2024-12-07T11:18:21.981+0000] {processor.py:839} INFO - DAG(s) dict_keys(['load_data_to_vertica']) retrieved from /opt/airflow/dags/vertica_load_dag.py
[2024-12-07T11:18:22.031+0000] {logging_mixin.py:151} INFO - [2024-12-07T11:18:22.030+0000] {dag.py:2915} INFO - Sync 1 DAGs
[2024-12-07T11:18:22.062+0000] {logging_mixin.py:151} INFO - [2024-12-07T11:18:22.061+0000] {dag.py:3696} INFO - Setting next_dagrun for load_data_to_vertica to 2024-12-07T00:00:00+00:00, run_after=2024-12-08T00:00:00+00:00
[2024-12-07T11:18:22.080+0000] {processor.py:179} INFO - Processing /opt/airflow/dags/vertica_load_dag.py took 0.148 seconds
[2024-12-07T13:02:03.262+0000] {processor.py:157} INFO - Started process (PID=1043) to work on /opt/airflow/dags/vertica_load_dag.py
[2024-12-07T13:02:03.266+0000] {processor.py:829} INFO - Processing file /opt/airflow/dags/vertica_load_dag.py for tasks to queue
[2024-12-07T13:02:03.267+0000] {logging_mixin.py:151} INFO - [2024-12-07T13:02:03.267+0000] {dagbag.py:539} INFO - Filling up the DagBag from /opt/airflow/dags/vertica_load_dag.py
[2024-12-07T13:02:03.299+0000] {processor.py:839} INFO - DAG(s) dict_keys(['load_data_to_vertica']) retrieved from /opt/airflow/dags/vertica_load_dag.py
[2024-12-07T13:02:03.347+0000] {logging_mixin.py:151} INFO - [2024-12-07T13:02:03.347+0000] {dag.py:2915} INFO - Sync 1 DAGs
[2024-12-07T13:02:03.364+0000] {logging_mixin.py:151} INFO - [2024-12-07T13:02:03.364+0000] {dag.py:3696} INFO - Setting next_dagrun for load_data_to_vertica to 2024-12-07T00:00:00+00:00, run_after=2024-12-08T00:00:00+00:00
[2024-12-07T13:02:03.373+0000] {processor.py:179} INFO - Processing /opt/airflow/dags/vertica_load_dag.py took 0.125 seconds
[2024-12-07T14:42:21.385+0000] {processor.py:157} INFO - Started process (PID=1048) to work on /opt/airflow/dags/vertica_load_dag.py
[2024-12-07T14:42:21.387+0000] {processor.py:829} INFO - Processing file /opt/airflow/dags/vertica_load_dag.py for tasks to queue
[2024-12-07T14:42:21.388+0000] {logging_mixin.py:151} INFO - [2024-12-07T14:42:21.387+0000] {dagbag.py:539} INFO - Filling up the DagBag from /opt/airflow/dags/vertica_load_dag.py
[2024-12-07T14:42:21.434+0000] {processor.py:839} INFO - DAG(s) dict_keys(['load_data_to_vertica']) retrieved from /opt/airflow/dags/vertica_load_dag.py
[2024-12-07T14:42:21.476+0000] {logging_mixin.py:151} INFO - [2024-12-07T14:42:21.476+0000] {dag.py:2915} INFO - Sync 1 DAGs
[2024-12-07T14:42:21.506+0000] {logging_mixin.py:151} INFO - [2024-12-07T14:42:21.506+0000] {dag.py:3696} INFO - Setting next_dagrun for load_data_to_vertica to 2024-12-07T00:00:00+00:00, run_after=2024-12-08T00:00:00+00:00
[2024-12-07T14:42:21.525+0000] {processor.py:179} INFO - Processing /opt/airflow/dags/vertica_load_dag.py took 0.153 seconds
[2024-12-07T16:21:29.681+0000] {processor.py:157} INFO - Started process (PID=1053) to work on /opt/airflow/dags/vertica_load_dag.py
[2024-12-07T16:21:29.682+0000] {processor.py:829} INFO - Processing file /opt/airflow/dags/vertica_load_dag.py for tasks to queue
[2024-12-07T16:21:29.683+0000] {logging_mixin.py:151} INFO - [2024-12-07T16:21:29.683+0000] {dagbag.py:539} INFO - Filling up the DagBag from /opt/airflow/dags/vertica_load_dag.py
[2024-12-07T16:21:29.699+0000] {processor.py:839} INFO - DAG(s) dict_keys(['load_data_to_vertica']) retrieved from /opt/airflow/dags/vertica_load_dag.py
[2024-12-07T16:21:29.734+0000] {logging_mixin.py:151} INFO - [2024-12-07T16:21:29.734+0000] {dag.py:2915} INFO - Sync 1 DAGs
[2024-12-07T16:21:29.750+0000] {logging_mixin.py:151} INFO - [2024-12-07T16:21:29.749+0000] {dag.py:3696} INFO - Setting next_dagrun for load_data_to_vertica to 2024-12-07T00:00:00+00:00, run_after=2024-12-08T00:00:00+00:00
[2024-12-07T16:21:29.757+0000] {processor.py:179} INFO - Processing /opt/airflow/dags/vertica_load_dag.py took 0.081 seconds
[2024-12-07T17:43:27.931+0000] {processor.py:157} INFO - Started process (PID=1060) to work on /opt/airflow/dags/vertica_load_dag.py
[2024-12-07T17:43:27.932+0000] {processor.py:829} INFO - Processing file /opt/airflow/dags/vertica_load_dag.py for tasks to queue
[2024-12-07T17:43:27.933+0000] {logging_mixin.py:151} INFO - [2024-12-07T17:43:27.933+0000] {dagbag.py:539} INFO - Filling up the DagBag from /opt/airflow/dags/vertica_load_dag.py
[2024-12-07T17:43:27.964+0000] {processor.py:839} INFO - DAG(s) dict_keys(['load_data_to_vertica']) retrieved from /opt/airflow/dags/vertica_load_dag.py
[2024-12-07T17:43:27.986+0000] {logging_mixin.py:151} INFO - [2024-12-07T17:43:27.986+0000] {dag.py:2915} INFO - Sync 1 DAGs
[2024-12-07T17:43:28.000+0000] {logging_mixin.py:151} INFO - [2024-12-07T17:43:28.000+0000] {dag.py:3696} INFO - Setting next_dagrun for load_data_to_vertica to 2024-12-07T00:00:00+00:00, run_after=2024-12-08T00:00:00+00:00
[2024-12-07T17:43:28.007+0000] {processor.py:179} INFO - Processing /opt/airflow/dags/vertica_load_dag.py took 0.080 seconds
[2024-12-07T18:52:32.356+0000] {processor.py:157} INFO - Started process (PID=1065) to work on /opt/airflow/dags/vertica_load_dag.py
[2024-12-07T18:52:32.357+0000] {processor.py:829} INFO - Processing file /opt/airflow/dags/vertica_load_dag.py for tasks to queue
[2024-12-07T18:52:32.359+0000] {logging_mixin.py:151} INFO - [2024-12-07T18:52:32.358+0000] {dagbag.py:539} INFO - Filling up the DagBag from /opt/airflow/dags/vertica_load_dag.py
[2024-12-07T18:52:32.387+0000] {processor.py:839} INFO - DAG(s) dict_keys(['load_data_to_vertica']) retrieved from /opt/airflow/dags/vertica_load_dag.py
[2024-12-07T18:52:32.420+0000] {logging_mixin.py:151} INFO - [2024-12-07T18:52:32.420+0000] {dag.py:2915} INFO - Sync 1 DAGs
[2024-12-07T18:52:32.445+0000] {logging_mixin.py:151} INFO - [2024-12-07T18:52:32.445+0000] {dag.py:3696} INFO - Setting next_dagrun for load_data_to_vertica to 2024-12-07T00:00:00+00:00, run_after=2024-12-08T00:00:00+00:00
[2024-12-07T18:52:32.469+0000] {processor.py:179} INFO - Processing /opt/airflow/dags/vertica_load_dag.py took 0.117 seconds
[2024-12-07T20:20:01.523+0000] {processor.py:157} INFO - Started process (PID=1072) to work on /opt/airflow/dags/vertica_load_dag.py
[2024-12-07T20:20:01.524+0000] {processor.py:829} INFO - Processing file /opt/airflow/dags/vertica_load_dag.py for tasks to queue
[2024-12-07T20:20:01.525+0000] {logging_mixin.py:151} INFO - [2024-12-07T20:20:01.524+0000] {dagbag.py:539} INFO - Filling up the DagBag from /opt/airflow/dags/vertica_load_dag.py
[2024-12-07T20:20:01.543+0000] {processor.py:839} INFO - DAG(s) dict_keys(['load_data_to_vertica']) retrieved from /opt/airflow/dags/vertica_load_dag.py
[2024-12-07T20:20:01.556+0000] {logging_mixin.py:151} INFO - [2024-12-07T20:20:01.556+0000] {dag.py:2915} INFO - Sync 1 DAGs
[2024-12-07T20:20:01.565+0000] {logging_mixin.py:151} INFO - [2024-12-07T20:20:01.565+0000] {dag.py:3696} INFO - Setting next_dagrun for load_data_to_vertica to 2024-12-07T00:00:00+00:00, run_after=2024-12-08T00:00:00+00:00
[2024-12-07T20:20:01.571+0000] {processor.py:179} INFO - Processing /opt/airflow/dags/vertica_load_dag.py took 0.051 seconds
[2024-12-07T20:54:35.997+0000] {processor.py:157} INFO - Started process (PID=1077) to work on /opt/airflow/dags/vertica_load_dag.py
[2024-12-07T20:54:35.998+0000] {processor.py:829} INFO - Processing file /opt/airflow/dags/vertica_load_dag.py for tasks to queue
[2024-12-07T20:54:35.999+0000] {logging_mixin.py:151} INFO - [2024-12-07T20:54:35.998+0000] {dagbag.py:539} INFO - Filling up the DagBag from /opt/airflow/dags/vertica_load_dag.py
[2024-12-07T20:54:36.018+0000] {processor.py:839} INFO - DAG(s) dict_keys(['load_data_to_vertica']) retrieved from /opt/airflow/dags/vertica_load_dag.py
[2024-12-07T20:54:36.055+0000] {logging_mixin.py:151} INFO - [2024-12-07T20:54:36.055+0000] {dag.py:2915} INFO - Sync 1 DAGs
[2024-12-07T20:54:36.086+0000] {logging_mixin.py:151} INFO - [2024-12-07T20:54:36.086+0000] {dag.py:3696} INFO - Setting next_dagrun for load_data_to_vertica to 2024-12-07T00:00:00+00:00, run_after=2024-12-08T00:00:00+00:00
[2024-12-07T20:54:36.130+0000] {processor.py:179} INFO - Processing /opt/airflow/dags/vertica_load_dag.py took 0.138 seconds
[2024-12-07T22:07:09.645+0000] {processor.py:157} INFO - Started process (PID=1082) to work on /opt/airflow/dags/vertica_load_dag.py
[2024-12-07T22:07:09.648+0000] {processor.py:829} INFO - Processing file /opt/airflow/dags/vertica_load_dag.py for tasks to queue
[2024-12-07T22:07:09.650+0000] {logging_mixin.py:151} INFO - [2024-12-07T22:07:09.649+0000] {dagbag.py:539} INFO - Filling up the DagBag from /opt/airflow/dags/vertica_load_dag.py
[2024-12-07T22:07:09.769+0000] {processor.py:839} INFO - DAG(s) dict_keys(['load_data_to_vertica']) retrieved from /opt/airflow/dags/vertica_load_dag.py
[2024-12-07T22:07:09.823+0000] {logging_mixin.py:151} INFO - [2024-12-07T22:07:09.823+0000] {dag.py:2915} INFO - Sync 1 DAGs
[2024-12-07T22:07:09.846+0000] {logging_mixin.py:151} INFO - [2024-12-07T22:07:09.846+0000] {dag.py:3696} INFO - Setting next_dagrun for load_data_to_vertica to 2024-12-07T00:00:00+00:00, run_after=2024-12-08T00:00:00+00:00
[2024-12-07T22:07:09.858+0000] {processor.py:179} INFO - Processing /opt/airflow/dags/vertica_load_dag.py took 0.222 seconds
[2024-12-07T23:46:46.891+0000] {processor.py:157} INFO - Started process (PID=1089) to work on /opt/airflow/dags/vertica_load_dag.py
[2024-12-07T23:46:46.893+0000] {processor.py:829} INFO - Processing file /opt/airflow/dags/vertica_load_dag.py for tasks to queue
[2024-12-07T23:46:46.894+0000] {logging_mixin.py:151} INFO - [2024-12-07T23:46:46.893+0000] {dagbag.py:539} INFO - Filling up the DagBag from /opt/airflow/dags/vertica_load_dag.py
[2024-12-07T23:46:46.926+0000] {processor.py:839} INFO - DAG(s) dict_keys(['load_data_to_vertica']) retrieved from /opt/airflow/dags/vertica_load_dag.py
[2024-12-07T23:46:46.956+0000] {logging_mixin.py:151} INFO - [2024-12-07T23:46:46.956+0000] {dag.py:2915} INFO - Sync 1 DAGs
[2024-12-07T23:46:46.982+0000] {logging_mixin.py:151} INFO - [2024-12-07T23:46:46.982+0000] {dag.py:3696} INFO - Setting next_dagrun for load_data_to_vertica to 2024-12-07T00:00:00+00:00, run_after=2024-12-08T00:00:00+00:00
[2024-12-07T23:46:47.001+0000] {processor.py:179} INFO - Processing /opt/airflow/dags/vertica_load_dag.py took 0.126 seconds
