[2024-11-27T08:03:17.027+0000] {taskinstance.py:1157} INFO - Dependencies all met for dep_context=non-requeueable deps ti=<TaskInstance: load_data_to_vertica.create_table manual__2024-11-27T08:03:15.885761+00:00 [queued]>
[2024-11-27T08:03:17.035+0000] {taskinstance.py:1157} INFO - Dependencies all met for dep_context=requeueable deps ti=<TaskInstance: load_data_to_vertica.create_table manual__2024-11-27T08:03:15.885761+00:00 [queued]>
[2024-11-27T08:03:17.036+0000] {taskinstance.py:1359} INFO - Starting attempt 1 of 1
[2024-11-27T08:03:17.041+0000] {taskinstance.py:1380} INFO - Executing <Task(PostgresOperator): create_table> on 2024-11-27 08:03:15.885761+00:00
[2024-11-27T08:03:17.044+0000] {standard_task_runner.py:57} INFO - Started process 443 to run task
[2024-11-27T08:03:17.046+0000] {standard_task_runner.py:84} INFO - Running: ['***', 'tasks', 'run', 'load_data_to_vertica', 'create_table', 'manual__2024-11-27T08:03:15.885761+00:00', '--job-id', '8', '--raw', '--subdir', 'DAGS_FOLDER/vertica_load_dag.py', '--cfg-path', '/tmp/tmpjmhnzy_9']
[2024-11-27T08:03:17.048+0000] {standard_task_runner.py:85} INFO - Job 8: Subtask create_table
[2024-11-27T08:03:17.073+0000] {task_command.py:415} INFO - Running <TaskInstance: load_data_to_vertica.create_table manual__2024-11-27T08:03:15.885761+00:00 [running]> on host c8f6c342c5cd
[2024-11-27T08:03:17.110+0000] {taskinstance.py:1660} INFO - Exporting env vars: AIRFLOW_CTX_DAG_OWNER='***' AIRFLOW_CTX_DAG_ID='load_data_to_vertica' AIRFLOW_CTX_TASK_ID='create_table' AIRFLOW_CTX_EXECUTION_DATE='2024-11-27T08:03:15.885761+00:00' AIRFLOW_CTX_TRY_NUMBER='1' AIRFLOW_CTX_DAG_RUN_ID='manual__2024-11-27T08:03:15.885761+00:00'
[2024-11-27T08:03:17.111+0000] {sql.py:274} INFO - Executing: 
        CREATE TABLE IF NOT EXISTS grade.example_table (
            id INT PRIMARY KEY,
            data VARCHAR(255)
        );
        
[2024-11-27T08:03:17.114+0000] {base.py:73} INFO - Using connection ID 'vertica_conn' for task execution.
[2024-11-27T08:03:17.118+0000] {base.py:73} INFO - Using connection ID 'vertica_conn' for task execution.
[2024-11-27T08:03:17.466+0000] {sql.py:418} INFO - Running statement: 
        CREATE TABLE IF NOT EXISTS grade.example_table (
            id INT PRIMARY KEY,
            data VARCHAR(255)
        );
        , parameters: None
[2024-11-27T08:03:17.694+0000] {taskinstance.py:1398} INFO - Marking task as SUCCESS. dag_id=load_data_to_vertica, task_id=create_table, execution_date=20241127T080315, start_date=20241127T080317, end_date=20241127T080317
[2024-11-27T08:03:17.705+0000] {local_task_job_runner.py:228} INFO - Task exited with return code 0
[2024-11-27T08:03:17.717+0000] {taskinstance.py:2776} INFO - 1 downstream tasks scheduled from follow-on schedule check
