[2024-11-27T08:03:18.811+0000] {taskinstance.py:1157} INFO - Dependencies all met for dep_context=non-requeueable deps ti=<TaskInstance: load_data_to_vertica.insert_data manual__2024-11-27T08:03:15.885761+00:00 [queued]>
[2024-11-27T08:03:18.813+0000] {taskinstance.py:1157} INFO - Dependencies all met for dep_context=requeueable deps ti=<TaskInstance: load_data_to_vertica.insert_data manual__2024-11-27T08:03:15.885761+00:00 [queued]>
[2024-11-27T08:03:18.813+0000] {taskinstance.py:1359} INFO - Starting attempt 1 of 1
[2024-11-27T08:03:18.817+0000] {taskinstance.py:1380} INFO - Executing <Task(PostgresOperator): insert_data> on 2024-11-27 08:03:15.885761+00:00
[2024-11-27T08:03:18.819+0000] {standard_task_runner.py:57} INFO - Started process 445 to run task
[2024-11-27T08:03:18.820+0000] {standard_task_runner.py:84} INFO - Running: ['***', 'tasks', 'run', 'load_data_to_vertica', 'insert_data', 'manual__2024-11-27T08:03:15.885761+00:00', '--job-id', '9', '--raw', '--subdir', 'DAGS_FOLDER/vertica_load_dag.py', '--cfg-path', '/tmp/tmp6v1vlmax']
[2024-11-27T08:03:18.821+0000] {standard_task_runner.py:85} INFO - Job 9: Subtask insert_data
[2024-11-27T08:03:18.839+0000] {task_command.py:415} INFO - Running <TaskInstance: load_data_to_vertica.insert_data manual__2024-11-27T08:03:15.885761+00:00 [running]> on host c8f6c342c5cd
[2024-11-27T08:03:18.865+0000] {taskinstance.py:1660} INFO - Exporting env vars: AIRFLOW_CTX_DAG_OWNER='***' AIRFLOW_CTX_DAG_ID='load_data_to_vertica' AIRFLOW_CTX_TASK_ID='insert_data' AIRFLOW_CTX_EXECUTION_DATE='2024-11-27T08:03:15.885761+00:00' AIRFLOW_CTX_TRY_NUMBER='1' AIRFLOW_CTX_DAG_RUN_ID='manual__2024-11-27T08:03:15.885761+00:00'
[2024-11-27T08:03:18.865+0000] {sql.py:274} INFO - Executing: 
        INSERT INTO grade.example_table (id, data) VALUES (1, 'example');
        
[2024-11-27T08:03:18.868+0000] {base.py:73} INFO - Using connection ID 'vertica_conn' for task execution.
[2024-11-27T08:03:18.872+0000] {base.py:73} INFO - Using connection ID 'vertica_conn' for task execution.
[2024-11-27T08:03:19.220+0000] {sql.py:418} INFO - Running statement: 
        INSERT INTO grade.example_table (id, data) VALUES (1, 'example');
        , parameters: None
[2024-11-27T08:03:19.367+0000] {sql.py:427} INFO - Rows affected: 1
[2024-11-27T08:03:19.458+0000] {taskinstance.py:1398} INFO - Marking task as SUCCESS. dag_id=load_data_to_vertica, task_id=insert_data, execution_date=20241127T080315, start_date=20241127T080318, end_date=20241127T080319
[2024-11-27T08:03:19.514+0000] {local_task_job_runner.py:228} INFO - Task exited with return code 0
[2024-11-27T08:03:19.532+0000] {taskinstance.py:2776} INFO - 0 downstream tasks scheduled from follow-on schedule check
