[2024-11-27T09:07:40.607+0000] {taskinstance.py:1157} INFO - Dependencies all met for dep_context=non-requeueable deps ti=<TaskInstance: load_data_to_vertica.create_table manual__2024-11-27T09:07:39.578065+00:00 [queued]>
[2024-11-27T09:07:40.610+0000] {taskinstance.py:1157} INFO - Dependencies all met for dep_context=requeueable deps ti=<TaskInstance: load_data_to_vertica.create_table manual__2024-11-27T09:07:39.578065+00:00 [queued]>
[2024-11-27T09:07:40.610+0000] {taskinstance.py:1359} INFO - Starting attempt 1 of 1
[2024-11-27T09:07:40.614+0000] {taskinstance.py:1380} INFO - Executing <Task(PostgresOperator): create_table> on 2024-11-27 09:07:39.578065+00:00
[2024-11-27T09:07:40.616+0000] {standard_task_runner.py:57} INFO - Started process 1060 to run task
[2024-11-27T09:07:40.618+0000] {standard_task_runner.py:84} INFO - Running: ['***', 'tasks', 'run', 'load_data_to_vertica', 'create_table', 'manual__2024-11-27T09:07:39.578065+00:00', '--job-id', '12', '--raw', '--subdir', 'DAGS_FOLDER/vertica_load_dag.py', '--cfg-path', '/tmp/tmpbmd3mwge']
[2024-11-27T09:07:40.620+0000] {standard_task_runner.py:85} INFO - Job 12: Subtask create_table
[2024-11-27T09:07:40.642+0000] {task_command.py:415} INFO - Running <TaskInstance: load_data_to_vertica.create_table manual__2024-11-27T09:07:39.578065+00:00 [running]> on host c8f6c342c5cd
[2024-11-27T09:07:40.673+0000] {taskinstance.py:1660} INFO - Exporting env vars: AIRFLOW_CTX_DAG_OWNER='***' AIRFLOW_CTX_DAG_ID='load_data_to_vertica' AIRFLOW_CTX_TASK_ID='create_table' AIRFLOW_CTX_EXECUTION_DATE='2024-11-27T09:07:39.578065+00:00' AIRFLOW_CTX_TRY_NUMBER='1' AIRFLOW_CTX_DAG_RUN_ID='manual__2024-11-27T09:07:39.578065+00:00'
[2024-11-27T09:07:40.674+0000] {sql.py:274} INFO - Executing: 
        CREATE TABLE IF NOT EXISTS grade.example_table (
            id INT PRIMARY KEY,
            data VARCHAR(255)
        );
        
[2024-11-27T09:07:40.677+0000] {base.py:73} INFO - Using connection ID 'vertica_conn' for task execution.
[2024-11-27T09:07:40.681+0000] {base.py:73} INFO - Using connection ID 'vertica_conn' for task execution.
[2024-11-27T09:07:41.041+0000] {sql.py:418} INFO - Running statement: 
        CREATE TABLE IF NOT EXISTS grade.example_table (
            id INT PRIMARY KEY,
            data VARCHAR(255)
        );
        , parameters: None
[2024-11-27T09:07:41.267+0000] {taskinstance.py:1398} INFO - Marking task as SUCCESS. dag_id=load_data_to_vertica, task_id=create_table, execution_date=20241127T090739, start_date=20241127T090740, end_date=20241127T090741
[2024-11-27T09:07:41.405+0000] {local_task_job_runner.py:228} INFO - Task exited with return code 0
[2024-11-27T09:07:41.432+0000] {taskinstance.py:2776} INFO - 0 downstream tasks scheduled from follow-on schedule check
