[2024-12-09T00:03:28.836+0000] {processor.py:157} INFO - Started process (PID=2300) to work on /opt/airflow/dags/vertica_load_dag.py
[2024-12-09T00:03:28.843+0000] {processor.py:829} INFO - Processing file /opt/airflow/dags/vertica_load_dag.py for tasks to queue
[2024-12-09T00:03:28.851+0000] {logging_mixin.py:151} INFO - [2024-12-09T00:03:28.848+0000] {dagbag.py:539} INFO - Filling up the DagBag from /opt/airflow/dags/vertica_load_dag.py
[2024-12-09T00:03:28.880+0000] {processor.py:839} INFO - DAG(s) dict_keys(['load_data_to_vertica']) retrieved from /opt/airflow/dags/vertica_load_dag.py
[2024-12-09T00:03:28.903+0000] {logging_mixin.py:151} INFO - [2024-12-09T00:03:28.902+0000] {dag.py:2915} INFO - Sync 1 DAGs
[2024-12-09T00:03:28.914+0000] {logging_mixin.py:151} INFO - [2024-12-09T00:03:28.914+0000] {dag.py:3696} INFO - Setting next_dagrun for load_data_to_vertica to 2024-12-08T00:00:00+00:00, run_after=2024-12-09T00:00:00+00:00
[2024-12-09T00:03:28.920+0000] {processor.py:179} INFO - Processing /opt/airflow/dags/vertica_load_dag.py took 0.089 seconds
[2024-12-09T01:40:23.888+0000] {processor.py:157} INFO - Started process (PID=2309) to work on /opt/airflow/dags/vertica_load_dag.py
[2024-12-09T01:40:23.893+0000] {processor.py:829} INFO - Processing file /opt/airflow/dags/vertica_load_dag.py for tasks to queue
[2024-12-09T01:40:23.897+0000] {logging_mixin.py:151} INFO - [2024-12-09T01:40:23.896+0000] {dagbag.py:539} INFO - Filling up the DagBag from /opt/airflow/dags/vertica_load_dag.py
[2024-12-09T01:40:23.924+0000] {processor.py:839} INFO - DAG(s) dict_keys(['load_data_to_vertica']) retrieved from /opt/airflow/dags/vertica_load_dag.py
[2024-12-09T01:40:23.954+0000] {logging_mixin.py:151} INFO - [2024-12-09T01:40:23.953+0000] {dag.py:2915} INFO - Sync 1 DAGs
[2024-12-09T01:40:23.982+0000] {logging_mixin.py:151} INFO - [2024-12-09T01:40:23.981+0000] {dag.py:3696} INFO - Setting next_dagrun for load_data_to_vertica to 2024-12-09T00:00:00+00:00, run_after=2024-12-10T00:00:00+00:00
[2024-12-09T01:40:24.013+0000] {processor.py:179} INFO - Processing /opt/airflow/dags/vertica_load_dag.py took 0.130 seconds
[2024-12-09T02:04:23.015+0000] {processor.py:157} INFO - Started process (PID=2314) to work on /opt/airflow/dags/vertica_load_dag.py
[2024-12-09T02:04:23.016+0000] {processor.py:829} INFO - Processing file /opt/airflow/dags/vertica_load_dag.py for tasks to queue
[2024-12-09T02:04:23.017+0000] {logging_mixin.py:151} INFO - [2024-12-09T02:04:23.016+0000] {dagbag.py:539} INFO - Filling up the DagBag from /opt/airflow/dags/vertica_load_dag.py
[2024-12-09T02:04:23.037+0000] {processor.py:839} INFO - DAG(s) dict_keys(['load_data_to_vertica']) retrieved from /opt/airflow/dags/vertica_load_dag.py
[2024-12-09T02:04:23.083+0000] {logging_mixin.py:151} INFO - [2024-12-09T02:04:23.083+0000] {dag.py:2915} INFO - Sync 1 DAGs
[2024-12-09T02:04:23.132+0000] {logging_mixin.py:151} INFO - [2024-12-09T02:04:23.132+0000] {dag.py:3696} INFO - Setting next_dagrun for load_data_to_vertica to 2024-12-09T00:00:00+00:00, run_after=2024-12-10T00:00:00+00:00
[2024-12-09T02:04:23.170+0000] {processor.py:179} INFO - Processing /opt/airflow/dags/vertica_load_dag.py took 0.160 seconds
[2024-12-09T03:21:10.438+0000] {processor.py:157} INFO - Started process (PID=2321) to work on /opt/airflow/dags/vertica_load_dag.py
[2024-12-09T03:21:10.440+0000] {processor.py:829} INFO - Processing file /opt/airflow/dags/vertica_load_dag.py for tasks to queue
[2024-12-09T03:21:10.441+0000] {logging_mixin.py:151} INFO - [2024-12-09T03:21:10.441+0000] {dagbag.py:539} INFO - Filling up the DagBag from /opt/airflow/dags/vertica_load_dag.py
[2024-12-09T03:21:10.475+0000] {processor.py:839} INFO - DAG(s) dict_keys(['load_data_to_vertica']) retrieved from /opt/airflow/dags/vertica_load_dag.py
[2024-12-09T03:21:10.509+0000] {logging_mixin.py:151} INFO - [2024-12-09T03:21:10.509+0000] {dag.py:2915} INFO - Sync 1 DAGs
[2024-12-09T03:21:10.534+0000] {logging_mixin.py:151} INFO - [2024-12-09T03:21:10.534+0000] {dag.py:3696} INFO - Setting next_dagrun for load_data_to_vertica to 2024-12-09T00:00:00+00:00, run_after=2024-12-10T00:00:00+00:00
[2024-12-09T03:21:10.549+0000] {processor.py:179} INFO - Processing /opt/airflow/dags/vertica_load_dag.py took 0.116 seconds
[2024-12-09T04:06:26.168+0000] {processor.py:157} INFO - Started process (PID=2326) to work on /opt/airflow/dags/vertica_load_dag.py
[2024-12-09T04:06:26.169+0000] {processor.py:829} INFO - Processing file /opt/airflow/dags/vertica_load_dag.py for tasks to queue
[2024-12-09T04:06:26.170+0000] {logging_mixin.py:151} INFO - [2024-12-09T04:06:26.170+0000] {dagbag.py:539} INFO - Filling up the DagBag from /opt/airflow/dags/vertica_load_dag.py
[2024-12-09T04:06:26.213+0000] {processor.py:839} INFO - DAG(s) dict_keys(['load_data_to_vertica']) retrieved from /opt/airflow/dags/vertica_load_dag.py
[2024-12-09T04:06:26.256+0000] {logging_mixin.py:151} INFO - [2024-12-09T04:06:26.256+0000] {dag.py:2915} INFO - Sync 1 DAGs
[2024-12-09T04:06:26.286+0000] {logging_mixin.py:151} INFO - [2024-12-09T04:06:26.286+0000] {dag.py:3696} INFO - Setting next_dagrun for load_data_to_vertica to 2024-12-09T00:00:00+00:00, run_after=2024-12-10T00:00:00+00:00
[2024-12-09T04:06:26.415+0000] {processor.py:179} INFO - Processing /opt/airflow/dags/vertica_load_dag.py took 0.257 seconds
[2024-12-09T04:51:27.275+0000] {processor.py:157} INFO - Started process (PID=2331) to work on /opt/airflow/dags/vertica_load_dag.py
[2024-12-09T04:51:27.276+0000] {processor.py:829} INFO - Processing file /opt/airflow/dags/vertica_load_dag.py for tasks to queue
[2024-12-09T04:51:27.280+0000] {logging_mixin.py:151} INFO - [2024-12-09T04:51:27.278+0000] {dagbag.py:539} INFO - Filling up the DagBag from /opt/airflow/dags/vertica_load_dag.py
[2024-12-09T04:51:27.349+0000] {processor.py:839} INFO - DAG(s) dict_keys(['load_data_to_vertica']) retrieved from /opt/airflow/dags/vertica_load_dag.py
[2024-12-09T04:51:27.406+0000] {logging_mixin.py:151} INFO - [2024-12-09T04:51:27.406+0000] {dag.py:2915} INFO - Sync 1 DAGs
[2024-12-09T04:51:27.445+0000] {logging_mixin.py:151} INFO - [2024-12-09T04:51:27.445+0000] {dag.py:3696} INFO - Setting next_dagrun for load_data_to_vertica to 2024-12-09T00:00:00+00:00, run_after=2024-12-10T00:00:00+00:00
[2024-12-09T04:51:29.070+0000] {processor.py:179} INFO - Processing /opt/airflow/dags/vertica_load_dag.py took 1.811 seconds
[2024-12-09T05:07:23.897+0000] {processor.py:157} INFO - Started process (PID=2340) to work on /opt/airflow/dags/vertica_load_dag.py
[2024-12-09T05:07:23.900+0000] {processor.py:829} INFO - Processing file /opt/airflow/dags/vertica_load_dag.py for tasks to queue
[2024-12-09T05:07:23.901+0000] {logging_mixin.py:151} INFO - [2024-12-09T05:07:23.901+0000] {dagbag.py:539} INFO - Filling up the DagBag from /opt/airflow/dags/vertica_load_dag.py
[2024-12-09T05:07:23.942+0000] {processor.py:839} INFO - DAG(s) dict_keys(['load_data_to_vertica']) retrieved from /opt/airflow/dags/vertica_load_dag.py
[2024-12-09T05:07:23.997+0000] {logging_mixin.py:151} INFO - [2024-12-09T05:07:23.997+0000] {dag.py:2915} INFO - Sync 1 DAGs
[2024-12-09T05:07:24.029+0000] {logging_mixin.py:151} INFO - [2024-12-09T05:07:24.029+0000] {dag.py:3696} INFO - Setting next_dagrun for load_data_to_vertica to 2024-12-09T00:00:00+00:00, run_after=2024-12-10T00:00:00+00:00
[2024-12-09T05:07:24.058+0000] {processor.py:179} INFO - Processing /opt/airflow/dags/vertica_load_dag.py took 0.176 seconds
[2024-12-09T05:17:35.421+0000] {processor.py:157} INFO - Started process (PID=2345) to work on /opt/airflow/dags/vertica_load_dag.py
[2024-12-09T05:17:35.422+0000] {processor.py:829} INFO - Processing file /opt/airflow/dags/vertica_load_dag.py for tasks to queue
[2024-12-09T05:17:35.423+0000] {logging_mixin.py:151} INFO - [2024-12-09T05:17:35.422+0000] {dagbag.py:539} INFO - Filling up the DagBag from /opt/airflow/dags/vertica_load_dag.py
[2024-12-09T05:17:35.451+0000] {processor.py:839} INFO - DAG(s) dict_keys(['load_data_to_vertica']) retrieved from /opt/airflow/dags/vertica_load_dag.py
[2024-12-09T05:17:35.473+0000] {logging_mixin.py:151} INFO - [2024-12-09T05:17:35.473+0000] {dag.py:2915} INFO - Sync 1 DAGs
[2024-12-09T05:17:35.498+0000] {logging_mixin.py:151} INFO - [2024-12-09T05:17:35.498+0000] {dag.py:3696} INFO - Setting next_dagrun for load_data_to_vertica to 2024-12-09T00:00:00+00:00, run_after=2024-12-10T00:00:00+00:00
[2024-12-09T05:17:35.506+0000] {processor.py:179} INFO - Processing /opt/airflow/dags/vertica_load_dag.py took 0.090 seconds
[2024-12-09T06:08:35.408+0000] {processor.py:157} INFO - Started process (PID=2352) to work on /opt/airflow/dags/vertica_load_dag.py
[2024-12-09T06:08:35.413+0000] {processor.py:829} INFO - Processing file /opt/airflow/dags/vertica_load_dag.py for tasks to queue
[2024-12-09T06:08:35.414+0000] {logging_mixin.py:151} INFO - [2024-12-09T06:08:35.414+0000] {dagbag.py:539} INFO - Filling up the DagBag from /opt/airflow/dags/vertica_load_dag.py
[2024-12-09T06:08:35.456+0000] {processor.py:839} INFO - DAG(s) dict_keys(['load_data_to_vertica']) retrieved from /opt/airflow/dags/vertica_load_dag.py
[2024-12-09T06:08:35.508+0000] {logging_mixin.py:151} INFO - [2024-12-09T06:08:35.508+0000] {dag.py:2915} INFO - Sync 1 DAGs
[2024-12-09T06:08:35.532+0000] {logging_mixin.py:151} INFO - [2024-12-09T06:08:35.532+0000] {dag.py:3696} INFO - Setting next_dagrun for load_data_to_vertica to 2024-12-09T00:00:00+00:00, run_after=2024-12-10T00:00:00+00:00
[2024-12-09T06:08:35.552+0000] {processor.py:179} INFO - Processing /opt/airflow/dags/vertica_load_dag.py took 0.176 seconds
[2024-12-09T06:09:28.863+0000] {processor.py:157} INFO - Started process (PID=2357) to work on /opt/airflow/dags/vertica_load_dag.py
[2024-12-09T06:09:28.865+0000] {processor.py:829} INFO - Processing file /opt/airflow/dags/vertica_load_dag.py for tasks to queue
[2024-12-09T06:09:28.872+0000] {logging_mixin.py:151} INFO - [2024-12-09T06:09:28.866+0000] {dagbag.py:539} INFO - Filling up the DagBag from /opt/airflow/dags/vertica_load_dag.py
[2024-12-09T06:09:28.914+0000] {processor.py:839} INFO - DAG(s) dict_keys(['load_data_to_vertica']) retrieved from /opt/airflow/dags/vertica_load_dag.py
[2024-12-09T06:09:28.943+0000] {logging_mixin.py:151} INFO - [2024-12-09T06:09:28.942+0000] {dag.py:2915} INFO - Sync 1 DAGs
[2024-12-09T06:09:28.964+0000] {logging_mixin.py:151} INFO - [2024-12-09T06:09:28.964+0000] {dag.py:3696} INFO - Setting next_dagrun for load_data_to_vertica to 2024-12-09T00:00:00+00:00, run_after=2024-12-10T00:00:00+00:00
[2024-12-09T06:09:28.973+0000] {processor.py:179} INFO - Processing /opt/airflow/dags/vertica_load_dag.py took 0.119 seconds
