[2024-11-27T09:07:41.623+0000] {taskinstance.py:1157} INFO - Dependencies all met for dep_context=non-requeueable deps ti=<TaskInstance: load_data_to_vertica.insert_data manual__2024-11-27T09:07:39.578065+00:00 [queued]>
[2024-11-27T09:07:41.626+0000] {taskinstance.py:1157} INFO - Dependencies all met for dep_context=requeueable deps ti=<TaskInstance: load_data_to_vertica.insert_data manual__2024-11-27T09:07:39.578065+00:00 [queued]>
[2024-11-27T09:07:41.626+0000] {taskinstance.py:1359} INFO - Starting attempt 1 of 1
[2024-11-27T09:07:41.630+0000] {taskinstance.py:1380} INFO - Executing <Task(PostgresOperator): insert_data> on 2024-11-27 09:07:39.578065+00:00
[2024-11-27T09:07:41.632+0000] {standard_task_runner.py:57} INFO - Started process 1062 to run task
[2024-11-27T09:07:41.634+0000] {standard_task_runner.py:84} INFO - Running: ['***', 'tasks', 'run', 'load_data_to_vertica', 'insert_data', 'manual__2024-11-27T09:07:39.578065+00:00', '--job-id', '13', '--raw', '--subdir', 'DAGS_FOLDER/vertica_load_dag.py', '--cfg-path', '/tmp/tmptw61m4h9']
[2024-11-27T09:07:41.635+0000] {standard_task_runner.py:85} INFO - Job 13: Subtask insert_data
[2024-11-27T09:07:41.655+0000] {task_command.py:415} INFO - Running <TaskInstance: load_data_to_vertica.insert_data manual__2024-11-27T09:07:39.578065+00:00 [running]> on host c8f6c342c5cd
[2024-11-27T09:07:41.686+0000] {taskinstance.py:1660} INFO - Exporting env vars: AIRFLOW_CTX_DAG_OWNER='***' AIRFLOW_CTX_DAG_ID='load_data_to_vertica' AIRFLOW_CTX_TASK_ID='insert_data' AIRFLOW_CTX_EXECUTION_DATE='2024-11-27T09:07:39.578065+00:00' AIRFLOW_CTX_TRY_NUMBER='1' AIRFLOW_CTX_DAG_RUN_ID='manual__2024-11-27T09:07:39.578065+00:00'
[2024-11-27T09:07:41.686+0000] {sql.py:274} INFO - Executing: 
        INSERT INTO grade.example_table (id, data) VALUES (2, 'example');
        
[2024-11-27T09:07:41.690+0000] {base.py:73} INFO - Using connection ID 'vertica_conn' for task execution.
[2024-11-27T09:07:41.693+0000] {base.py:73} INFO - Using connection ID 'vertica_conn' for task execution.
[2024-11-27T09:07:42.056+0000] {sql.py:418} INFO - Running statement: 
        INSERT INTO grade.example_table (id, data) VALUES (2, 'example');
        , parameters: None
[2024-11-27T09:07:42.195+0000] {sql.py:427} INFO - Rows affected: 1
[2024-11-27T09:07:42.272+0000] {taskinstance.py:1398} INFO - Marking task as SUCCESS. dag_id=load_data_to_vertica, task_id=insert_data, execution_date=20241127T090739, start_date=20241127T090741, end_date=20241127T090742
[2024-11-27T09:07:42.289+0000] {local_task_job_runner.py:228} INFO - Task exited with return code 0
[2024-11-27T09:07:42.300+0000] {taskinstance.py:2776} INFO - 0 downstream tasks scheduled from follow-on schedule check
