[2024-12-04T06:50:45.171+0000] {taskinstance.py:1157} INFO - Dependencies all met for dep_context=non-requeueable deps ti=<TaskInstance: load_data_to_vertica.create_table manual__2024-12-04T06:50:43.923017+00:00 [queued]>
[2024-12-04T06:50:45.174+0000] {taskinstance.py:1157} INFO - Dependencies all met for dep_context=requeueable deps ti=<TaskInstance: load_data_to_vertica.create_table manual__2024-12-04T06:50:43.923017+00:00 [queued]>
[2024-12-04T06:50:45.174+0000] {taskinstance.py:1359} INFO - Starting attempt 1 of 1
[2024-12-04T06:50:45.180+0000] {taskinstance.py:1380} INFO - Executing <Task(PostgresOperator): create_table> on 2024-12-04 06:50:43.923017+00:00
[2024-12-04T06:50:45.185+0000] {standard_task_runner.py:57} INFO - Started process 213 to run task
[2024-12-04T06:50:45.187+0000] {standard_task_runner.py:84} INFO - Running: ['***', 'tasks', 'run', 'load_data_to_vertica', 'create_table', 'manual__2024-12-04T06:50:43.923017+00:00', '--job-id', '19', '--raw', '--subdir', 'DAGS_FOLDER/vertica_load_dag.py', '--cfg-path', '/tmp/tmphpfef6my']
[2024-12-04T06:50:45.188+0000] {standard_task_runner.py:85} INFO - Job 19: Subtask create_table
[2024-12-04T06:50:45.215+0000] {task_command.py:415} INFO - Running <TaskInstance: load_data_to_vertica.create_table manual__2024-12-04T06:50:43.923017+00:00 [running]> on host c8f6c342c5cd
[2024-12-04T06:50:45.256+0000] {taskinstance.py:1660} INFO - Exporting env vars: AIRFLOW_CTX_DAG_OWNER='***' AIRFLOW_CTX_DAG_ID='load_data_to_vertica' AIRFLOW_CTX_TASK_ID='create_table' AIRFLOW_CTX_EXECUTION_DATE='2024-12-04T06:50:43.923017+00:00' AIRFLOW_CTX_TRY_NUMBER='1' AIRFLOW_CTX_DAG_RUN_ID='manual__2024-12-04T06:50:43.923017+00:00'
[2024-12-04T06:50:45.256+0000] {sql.py:274} INFO - Executing: 
        CREATE TABLE IF NOT EXISTS grade.example_table (
            id INT PRIMARY KEY,
            data VARCHAR(255)
        );
        
[2024-12-04T06:50:45.261+0000] {base.py:73} INFO - Using connection ID 'vertica_conn' for task execution.
[2024-12-04T06:50:45.267+0000] {base.py:73} INFO - Using connection ID 'vertica_conn' for task execution.
[2024-12-04T06:50:45.441+0000] {sql.py:418} INFO - Running statement: 
        CREATE TABLE IF NOT EXISTS grade.example_table (
            id INT PRIMARY KEY,
            data VARCHAR(255)
        );
        , parameters: None
[2024-12-04T06:50:45.539+0000] {taskinstance.py:1398} INFO - Marking task as SUCCESS. dag_id=load_data_to_vertica, task_id=create_table, execution_date=20241204T065043, start_date=20241204T065045, end_date=20241204T065045
[2024-12-04T06:50:45.577+0000] {local_task_job_runner.py:228} INFO - Task exited with return code 0
[2024-12-04T06:50:45.590+0000] {taskinstance.py:2776} INFO - 1 downstream tasks scheduled from follow-on schedule check
