[2024-11-27T09:05:28.583+0000] {taskinstance.py:1157} INFO - Dependencies all met for dep_context=non-requeueable deps ti=<TaskInstance: load_data_to_vertica.create_table manual__2024-11-27T09:05:27.127238+00:00 [queued]>
[2024-11-27T09:05:28.585+0000] {taskinstance.py:1157} INFO - Dependencies all met for dep_context=requeueable deps ti=<TaskInstance: load_data_to_vertica.create_table manual__2024-11-27T09:05:27.127238+00:00 [queued]>
[2024-11-27T09:05:28.585+0000] {taskinstance.py:1359} INFO - Starting attempt 1 of 1
[2024-11-27T09:05:28.589+0000] {taskinstance.py:1380} INFO - Executing <Task(PostgresOperator): create_table> on 2024-11-27 09:05:27.127238+00:00
[2024-11-27T09:05:28.592+0000] {standard_task_runner.py:57} INFO - Started process 1031 to run task
[2024-11-27T09:05:28.593+0000] {standard_task_runner.py:84} INFO - Running: ['***', 'tasks', 'run', 'load_data_to_vertica', 'create_table', 'manual__2024-11-27T09:05:27.127238+00:00', '--job-id', '10', '--raw', '--subdir', 'DAGS_FOLDER/vertica_load_dag.py', '--cfg-path', '/tmp/tmpy7otjlss']
[2024-11-27T09:05:28.594+0000] {standard_task_runner.py:85} INFO - Job 10: Subtask create_table
[2024-11-27T09:05:28.614+0000] {task_command.py:415} INFO - Running <TaskInstance: load_data_to_vertica.create_table manual__2024-11-27T09:05:27.127238+00:00 [running]> on host c8f6c342c5cd
[2024-11-27T09:05:28.645+0000] {taskinstance.py:1660} INFO - Exporting env vars: AIRFLOW_CTX_DAG_OWNER='***' AIRFLOW_CTX_DAG_ID='load_data_to_vertica' AIRFLOW_CTX_TASK_ID='create_table' AIRFLOW_CTX_EXECUTION_DATE='2024-11-27T09:05:27.127238+00:00' AIRFLOW_CTX_TRY_NUMBER='1' AIRFLOW_CTX_DAG_RUN_ID='manual__2024-11-27T09:05:27.127238+00:00'
[2024-11-27T09:05:28.645+0000] {sql.py:274} INFO - Executing: 
        CREATE TABLE IF NOT EXISTS grade.example_table (
            id INT PRIMARY KEY,
            data VARCHAR(255)
        );
        
[2024-11-27T09:05:28.649+0000] {base.py:73} INFO - Using connection ID 'vertica_conn' for task execution.
[2024-11-27T09:05:28.652+0000] {base.py:73} INFO - Using connection ID 'vertica_conn' for task execution.
[2024-11-27T09:05:29.025+0000] {sql.py:418} INFO - Running statement: 
        CREATE TABLE IF NOT EXISTS grade.example_table (
            id INT PRIMARY KEY,
            data VARCHAR(255)
        );
        , parameters: None
[2024-11-27T09:05:29.283+0000] {taskinstance.py:1398} INFO - Marking task as SUCCESS. dag_id=load_data_to_vertica, task_id=create_table, execution_date=20241127T090527, start_date=20241127T090528, end_date=20241127T090529
[2024-11-27T09:05:29.326+0000] {local_task_job_runner.py:228} INFO - Task exited with return code 0
[2024-11-27T09:05:29.344+0000] {taskinstance.py:2776} INFO - 1 downstream tasks scheduled from follow-on schedule check
