[2024-12-04T04:58:03.784+0000] {processor.py:157} INFO - Started process (PID=166) to work on /opt/airflow/dags/vertica_load_dag.py
[2024-12-04T04:58:03.784+0000] {processor.py:829} INFO - Processing file /opt/airflow/dags/vertica_load_dag.py for tasks to queue
[2024-12-04T04:58:03.785+0000] {logging_mixin.py:151} INFO - [2024-12-04T04:58:03.785+0000] {dagbag.py:539} INFO - Filling up the DagBag from /opt/airflow/dags/vertica_load_dag.py
[2024-12-04T04:58:03.793+0000] {processor.py:839} INFO - DAG(s) dict_keys(['load_data_to_vertica']) retrieved from /opt/airflow/dags/vertica_load_dag.py
[2024-12-04T04:58:03.806+0000] {logging_mixin.py:151} INFO - [2024-12-04T04:58:03.805+0000] {dag.py:2915} INFO - Sync 1 DAGs
[2024-12-04T04:58:03.819+0000] {logging_mixin.py:151} INFO - [2024-12-04T04:58:03.819+0000] {dag.py:3696} INFO - Setting next_dagrun for load_data_to_vertica to 2024-12-04T00:00:00+00:00, run_after=2024-12-05T00:00:00+00:00
[2024-12-04T04:58:03.827+0000] {processor.py:179} INFO - Processing /opt/airflow/dags/vertica_load_dag.py took 0.045 seconds
[2024-12-04T04:58:34.021+0000] {processor.py:157} INFO - Started process (PID=174) to work on /opt/airflow/dags/vertica_load_dag.py
[2024-12-04T04:58:34.022+0000] {processor.py:829} INFO - Processing file /opt/airflow/dags/vertica_load_dag.py for tasks to queue
[2024-12-04T04:58:34.023+0000] {logging_mixin.py:151} INFO - [2024-12-04T04:58:34.022+0000] {dagbag.py:539} INFO - Filling up the DagBag from /opt/airflow/dags/vertica_load_dag.py
[2024-12-04T04:58:34.033+0000] {processor.py:839} INFO - DAG(s) dict_keys(['load_data_to_vertica']) retrieved from /opt/airflow/dags/vertica_load_dag.py
[2024-12-04T04:58:34.048+0000] {logging_mixin.py:151} INFO - [2024-12-04T04:58:34.048+0000] {dag.py:2915} INFO - Sync 1 DAGs
[2024-12-04T04:58:34.069+0000] {logging_mixin.py:151} INFO - [2024-12-04T04:58:34.069+0000] {dag.py:3696} INFO - Setting next_dagrun for load_data_to_vertica to 2024-12-04T00:00:00+00:00, run_after=2024-12-05T00:00:00+00:00
[2024-12-04T04:58:34.076+0000] {processor.py:179} INFO - Processing /opt/airflow/dags/vertica_load_dag.py took 0.057 seconds
[2024-12-04T04:59:04.271+0000] {processor.py:157} INFO - Started process (PID=179) to work on /opt/airflow/dags/vertica_load_dag.py
[2024-12-04T04:59:04.272+0000] {processor.py:829} INFO - Processing file /opt/airflow/dags/vertica_load_dag.py for tasks to queue
[2024-12-04T04:59:04.273+0000] {logging_mixin.py:151} INFO - [2024-12-04T04:59:04.273+0000] {dagbag.py:539} INFO - Filling up the DagBag from /opt/airflow/dags/vertica_load_dag.py
[2024-12-04T04:59:04.287+0000] {processor.py:839} INFO - DAG(s) dict_keys(['load_data_to_vertica']) retrieved from /opt/airflow/dags/vertica_load_dag.py
[2024-12-04T04:59:04.308+0000] {logging_mixin.py:151} INFO - [2024-12-04T04:59:04.308+0000] {dag.py:2915} INFO - Sync 1 DAGs
[2024-12-04T04:59:04.320+0000] {logging_mixin.py:151} INFO - [2024-12-04T04:59:04.320+0000] {dag.py:3696} INFO - Setting next_dagrun for load_data_to_vertica to 2024-12-04T00:00:00+00:00, run_after=2024-12-05T00:00:00+00:00
[2024-12-04T04:59:04.327+0000] {processor.py:179} INFO - Processing /opt/airflow/dags/vertica_load_dag.py took 0.060 seconds
[2024-12-04T04:59:34.530+0000] {processor.py:157} INFO - Started process (PID=184) to work on /opt/airflow/dags/vertica_load_dag.py
[2024-12-04T04:59:34.531+0000] {processor.py:829} INFO - Processing file /opt/airflow/dags/vertica_load_dag.py for tasks to queue
[2024-12-04T04:59:34.532+0000] {logging_mixin.py:151} INFO - [2024-12-04T04:59:34.531+0000] {dagbag.py:539} INFO - Filling up the DagBag from /opt/airflow/dags/vertica_load_dag.py
[2024-12-04T04:59:34.542+0000] {processor.py:839} INFO - DAG(s) dict_keys(['load_data_to_vertica']) retrieved from /opt/airflow/dags/vertica_load_dag.py
[2024-12-04T04:59:34.559+0000] {logging_mixin.py:151} INFO - [2024-12-04T04:59:34.559+0000] {dag.py:2915} INFO - Sync 1 DAGs
[2024-12-04T04:59:34.570+0000] {logging_mixin.py:151} INFO - [2024-12-04T04:59:34.570+0000] {dag.py:3696} INFO - Setting next_dagrun for load_data_to_vertica to 2024-12-04T00:00:00+00:00, run_after=2024-12-05T00:00:00+00:00
[2024-12-04T04:59:34.576+0000] {processor.py:179} INFO - Processing /opt/airflow/dags/vertica_load_dag.py took 0.048 seconds
[2024-12-04T05:00:04.781+0000] {processor.py:157} INFO - Started process (PID=189) to work on /opt/airflow/dags/vertica_load_dag.py
[2024-12-04T05:00:04.782+0000] {processor.py:829} INFO - Processing file /opt/airflow/dags/vertica_load_dag.py for tasks to queue
[2024-12-04T05:00:04.783+0000] {logging_mixin.py:151} INFO - [2024-12-04T05:00:04.783+0000] {dagbag.py:539} INFO - Filling up the DagBag from /opt/airflow/dags/vertica_load_dag.py
[2024-12-04T05:00:04.798+0000] {processor.py:839} INFO - DAG(s) dict_keys(['load_data_to_vertica']) retrieved from /opt/airflow/dags/vertica_load_dag.py
[2024-12-04T05:00:04.816+0000] {logging_mixin.py:151} INFO - [2024-12-04T05:00:04.816+0000] {dag.py:2915} INFO - Sync 1 DAGs
[2024-12-04T05:00:04.828+0000] {logging_mixin.py:151} INFO - [2024-12-04T05:00:04.828+0000] {dag.py:3696} INFO - Setting next_dagrun for load_data_to_vertica to 2024-12-04T00:00:00+00:00, run_after=2024-12-05T00:00:00+00:00
[2024-12-04T05:00:04.835+0000] {processor.py:179} INFO - Processing /opt/airflow/dags/vertica_load_dag.py took 0.057 seconds
[2024-12-04T05:00:35.003+0000] {processor.py:157} INFO - Started process (PID=194) to work on /opt/airflow/dags/vertica_load_dag.py
[2024-12-04T05:00:35.004+0000] {processor.py:829} INFO - Processing file /opt/airflow/dags/vertica_load_dag.py for tasks to queue
[2024-12-04T05:00:35.004+0000] {logging_mixin.py:151} INFO - [2024-12-04T05:00:35.004+0000] {dagbag.py:539} INFO - Filling up the DagBag from /opt/airflow/dags/vertica_load_dag.py
[2024-12-04T05:00:35.013+0000] {processor.py:839} INFO - DAG(s) dict_keys(['load_data_to_vertica']) retrieved from /opt/airflow/dags/vertica_load_dag.py
[2024-12-04T05:00:35.029+0000] {logging_mixin.py:151} INFO - [2024-12-04T05:00:35.029+0000] {dag.py:2915} INFO - Sync 1 DAGs
[2024-12-04T05:00:35.039+0000] {logging_mixin.py:151} INFO - [2024-12-04T05:00:35.039+0000] {dag.py:3696} INFO - Setting next_dagrun for load_data_to_vertica to 2024-12-04T00:00:00+00:00, run_after=2024-12-05T00:00:00+00:00
[2024-12-04T05:00:35.045+0000] {processor.py:179} INFO - Processing /opt/airflow/dags/vertica_load_dag.py took 0.044 seconds
[2024-12-04T05:01:05.288+0000] {processor.py:157} INFO - Started process (PID=199) to work on /opt/airflow/dags/vertica_load_dag.py
[2024-12-04T05:01:05.289+0000] {processor.py:829} INFO - Processing file /opt/airflow/dags/vertica_load_dag.py for tasks to queue
[2024-12-04T05:01:05.290+0000] {logging_mixin.py:151} INFO - [2024-12-04T05:01:05.290+0000] {dagbag.py:539} INFO - Filling up the DagBag from /opt/airflow/dags/vertica_load_dag.py
[2024-12-04T05:01:05.305+0000] {processor.py:839} INFO - DAG(s) dict_keys(['load_data_to_vertica']) retrieved from /opt/airflow/dags/vertica_load_dag.py
[2024-12-04T05:01:05.326+0000] {logging_mixin.py:151} INFO - [2024-12-04T05:01:05.326+0000] {dag.py:2915} INFO - Sync 1 DAGs
[2024-12-04T05:01:05.339+0000] {logging_mixin.py:151} INFO - [2024-12-04T05:01:05.339+0000] {dag.py:3696} INFO - Setting next_dagrun for load_data_to_vertica to 2024-12-04T00:00:00+00:00, run_after=2024-12-05T00:00:00+00:00
[2024-12-04T05:01:05.464+0000] {processor.py:179} INFO - Processing /opt/airflow/dags/vertica_load_dag.py took 0.179 seconds
[2024-12-04T05:01:35.519+0000] {processor.py:157} INFO - Started process (PID=204) to work on /opt/airflow/dags/vertica_load_dag.py
[2024-12-04T05:01:35.520+0000] {processor.py:829} INFO - Processing file /opt/airflow/dags/vertica_load_dag.py for tasks to queue
[2024-12-04T05:01:35.520+0000] {logging_mixin.py:151} INFO - [2024-12-04T05:01:35.520+0000] {dagbag.py:539} INFO - Filling up the DagBag from /opt/airflow/dags/vertica_load_dag.py
[2024-12-04T05:01:35.537+0000] {processor.py:839} INFO - DAG(s) dict_keys(['load_data_to_vertica']) retrieved from /opt/airflow/dags/vertica_load_dag.py
[2024-12-04T05:01:35.564+0000] {logging_mixin.py:151} INFO - [2024-12-04T05:01:35.563+0000] {dag.py:2915} INFO - Sync 1 DAGs
[2024-12-04T05:01:35.666+0000] {logging_mixin.py:151} INFO - [2024-12-04T05:01:35.666+0000] {dag.py:3696} INFO - Setting next_dagrun for load_data_to_vertica to 2024-12-04T00:00:00+00:00, run_after=2024-12-05T00:00:00+00:00
[2024-12-04T05:01:35.672+0000] {processor.py:179} INFO - Processing /opt/airflow/dags/vertica_load_dag.py took 0.155 seconds
[2024-12-04T05:02:05.893+0000] {processor.py:157} INFO - Started process (PID=209) to work on /opt/airflow/dags/vertica_load_dag.py
[2024-12-04T05:02:05.894+0000] {processor.py:829} INFO - Processing file /opt/airflow/dags/vertica_load_dag.py for tasks to queue
[2024-12-04T05:02:05.895+0000] {logging_mixin.py:151} INFO - [2024-12-04T05:02:05.894+0000] {dagbag.py:539} INFO - Filling up the DagBag from /opt/airflow/dags/vertica_load_dag.py
[2024-12-04T05:02:05.907+0000] {processor.py:839} INFO - DAG(s) dict_keys(['load_data_to_vertica']) retrieved from /opt/airflow/dags/vertica_load_dag.py
[2024-12-04T05:02:05.946+0000] {logging_mixin.py:151} INFO - [2024-12-04T05:02:05.946+0000] {dag.py:2915} INFO - Sync 1 DAGs
[2024-12-04T05:02:06.057+0000] {logging_mixin.py:151} INFO - [2024-12-04T05:02:06.057+0000] {dag.py:3696} INFO - Setting next_dagrun for load_data_to_vertica to 2024-12-04T00:00:00+00:00, run_after=2024-12-05T00:00:00+00:00
[2024-12-04T05:02:06.064+0000] {processor.py:179} INFO - Processing /opt/airflow/dags/vertica_load_dag.py took 0.176 seconds
[2024-12-04T05:02:36.157+0000] {processor.py:157} INFO - Started process (PID=214) to work on /opt/airflow/dags/vertica_load_dag.py
[2024-12-04T05:02:36.158+0000] {processor.py:829} INFO - Processing file /opt/airflow/dags/vertica_load_dag.py for tasks to queue
[2024-12-04T05:02:36.158+0000] {logging_mixin.py:151} INFO - [2024-12-04T05:02:36.158+0000] {dagbag.py:539} INFO - Filling up the DagBag from /opt/airflow/dags/vertica_load_dag.py
[2024-12-04T05:02:36.171+0000] {processor.py:839} INFO - DAG(s) dict_keys(['load_data_to_vertica']) retrieved from /opt/airflow/dags/vertica_load_dag.py
[2024-12-04T05:02:36.248+0000] {logging_mixin.py:151} INFO - [2024-12-04T05:02:36.248+0000] {dag.py:2915} INFO - Sync 1 DAGs
[2024-12-04T05:02:36.257+0000] {logging_mixin.py:151} INFO - [2024-12-04T05:02:36.256+0000] {dag.py:3696} INFO - Setting next_dagrun for load_data_to_vertica to 2024-12-04T00:00:00+00:00, run_after=2024-12-05T00:00:00+00:00
[2024-12-04T05:02:36.262+0000] {processor.py:179} INFO - Processing /opt/airflow/dags/vertica_load_dag.py took 0.109 seconds
[2024-12-04T05:03:06.448+0000] {processor.py:157} INFO - Started process (PID=219) to work on /opt/airflow/dags/vertica_load_dag.py
[2024-12-04T05:03:06.449+0000] {processor.py:829} INFO - Processing file /opt/airflow/dags/vertica_load_dag.py for tasks to queue
[2024-12-04T05:03:06.450+0000] {logging_mixin.py:151} INFO - [2024-12-04T05:03:06.450+0000] {dagbag.py:539} INFO - Filling up the DagBag from /opt/airflow/dags/vertica_load_dag.py
[2024-12-04T05:03:06.605+0000] {processor.py:839} INFO - DAG(s) dict_keys(['load_data_to_vertica']) retrieved from /opt/airflow/dags/vertica_load_dag.py
[2024-12-04T05:03:06.619+0000] {logging_mixin.py:151} INFO - [2024-12-04T05:03:06.619+0000] {dag.py:2915} INFO - Sync 1 DAGs
[2024-12-04T05:03:06.628+0000] {logging_mixin.py:151} INFO - [2024-12-04T05:03:06.628+0000] {dag.py:3696} INFO - Setting next_dagrun for load_data_to_vertica to 2024-12-04T00:00:00+00:00, run_after=2024-12-05T00:00:00+00:00
[2024-12-04T05:03:06.633+0000] {processor.py:179} INFO - Processing /opt/airflow/dags/vertica_load_dag.py took 0.190 seconds
[2024-12-04T05:03:36.795+0000] {processor.py:157} INFO - Started process (PID=224) to work on /opt/airflow/dags/vertica_load_dag.py
[2024-12-04T05:03:36.796+0000] {processor.py:829} INFO - Processing file /opt/airflow/dags/vertica_load_dag.py for tasks to queue
[2024-12-04T05:03:36.797+0000] {logging_mixin.py:151} INFO - [2024-12-04T05:03:36.796+0000] {dagbag.py:539} INFO - Filling up the DagBag from /opt/airflow/dags/vertica_load_dag.py
[2024-12-04T05:03:36.811+0000] {processor.py:839} INFO - DAG(s) dict_keys(['load_data_to_vertica']) retrieved from /opt/airflow/dags/vertica_load_dag.py
[2024-12-04T05:03:36.832+0000] {logging_mixin.py:151} INFO - [2024-12-04T05:03:36.831+0000] {dag.py:2915} INFO - Sync 1 DAGs
[2024-12-04T05:03:36.844+0000] {logging_mixin.py:151} INFO - [2024-12-04T05:03:36.844+0000] {dag.py:3696} INFO - Setting next_dagrun for load_data_to_vertica to 2024-12-04T00:00:00+00:00, run_after=2024-12-05T00:00:00+00:00
[2024-12-04T05:03:36.853+0000] {processor.py:179} INFO - Processing /opt/airflow/dags/vertica_load_dag.py took 0.062 seconds
[2024-12-04T05:04:07.086+0000] {processor.py:157} INFO - Started process (PID=229) to work on /opt/airflow/dags/vertica_load_dag.py
[2024-12-04T05:04:07.087+0000] {processor.py:829} INFO - Processing file /opt/airflow/dags/vertica_load_dag.py for tasks to queue
[2024-12-04T05:04:07.088+0000] {logging_mixin.py:151} INFO - [2024-12-04T05:04:07.088+0000] {dagbag.py:539} INFO - Filling up the DagBag from /opt/airflow/dags/vertica_load_dag.py
[2024-12-04T05:04:07.110+0000] {processor.py:839} INFO - DAG(s) dict_keys(['load_data_to_vertica']) retrieved from /opt/airflow/dags/vertica_load_dag.py
[2024-12-04T05:04:07.130+0000] {logging_mixin.py:151} INFO - [2024-12-04T05:04:07.129+0000] {dag.py:2915} INFO - Sync 1 DAGs
[2024-12-04T05:04:07.142+0000] {logging_mixin.py:151} INFO - [2024-12-04T05:04:07.141+0000] {dag.py:3696} INFO - Setting next_dagrun for load_data_to_vertica to 2024-12-04T00:00:00+00:00, run_after=2024-12-05T00:00:00+00:00
[2024-12-04T05:04:07.149+0000] {processor.py:179} INFO - Processing /opt/airflow/dags/vertica_load_dag.py took 0.067 seconds
[2024-12-04T05:04:37.360+0000] {processor.py:157} INFO - Started process (PID=234) to work on /opt/airflow/dags/vertica_load_dag.py
[2024-12-04T05:04:37.363+0000] {processor.py:829} INFO - Processing file /opt/airflow/dags/vertica_load_dag.py for tasks to queue
[2024-12-04T05:04:37.366+0000] {logging_mixin.py:151} INFO - [2024-12-04T05:04:37.365+0000] {dagbag.py:539} INFO - Filling up the DagBag from /opt/airflow/dags/vertica_load_dag.py
[2024-12-04T05:04:37.398+0000] {processor.py:839} INFO - DAG(s) dict_keys(['load_data_to_vertica']) retrieved from /opt/airflow/dags/vertica_load_dag.py
[2024-12-04T05:04:37.443+0000] {logging_mixin.py:151} INFO - [2024-12-04T05:04:37.443+0000] {dag.py:2915} INFO - Sync 1 DAGs
[2024-12-04T05:04:37.457+0000] {logging_mixin.py:151} INFO - [2024-12-04T05:04:37.457+0000] {dag.py:3696} INFO - Setting next_dagrun for load_data_to_vertica to 2024-12-04T00:00:00+00:00, run_after=2024-12-05T00:00:00+00:00
[2024-12-04T05:04:37.465+0000] {processor.py:179} INFO - Processing /opt/airflow/dags/vertica_load_dag.py took 0.110 seconds
[2024-12-04T05:05:07.700+0000] {processor.py:157} INFO - Started process (PID=239) to work on /opt/airflow/dags/vertica_load_dag.py
[2024-12-04T05:05:07.702+0000] {processor.py:829} INFO - Processing file /opt/airflow/dags/vertica_load_dag.py for tasks to queue
[2024-12-04T05:05:07.703+0000] {logging_mixin.py:151} INFO - [2024-12-04T05:05:07.702+0000] {dagbag.py:539} INFO - Filling up the DagBag from /opt/airflow/dags/vertica_load_dag.py
[2024-12-04T05:05:07.721+0000] {processor.py:839} INFO - DAG(s) dict_keys(['load_data_to_vertica']) retrieved from /opt/airflow/dags/vertica_load_dag.py
[2024-12-04T05:05:07.756+0000] {logging_mixin.py:151} INFO - [2024-12-04T05:05:07.756+0000] {dag.py:2915} INFO - Sync 1 DAGs
[2024-12-04T05:05:07.766+0000] {logging_mixin.py:151} INFO - [2024-12-04T05:05:07.766+0000] {dag.py:3696} INFO - Setting next_dagrun for load_data_to_vertica to 2024-12-04T00:00:00+00:00, run_after=2024-12-05T00:00:00+00:00
[2024-12-04T05:05:07.772+0000] {processor.py:179} INFO - Processing /opt/airflow/dags/vertica_load_dag.py took 0.077 seconds
[2024-12-04T05:05:38.021+0000] {processor.py:157} INFO - Started process (PID=244) to work on /opt/airflow/dags/vertica_load_dag.py
[2024-12-04T05:05:38.023+0000] {processor.py:829} INFO - Processing file /opt/airflow/dags/vertica_load_dag.py for tasks to queue
[2024-12-04T05:05:38.024+0000] {logging_mixin.py:151} INFO - [2024-12-04T05:05:38.023+0000] {dagbag.py:539} INFO - Filling up the DagBag from /opt/airflow/dags/vertica_load_dag.py
[2024-12-04T05:05:38.036+0000] {processor.py:839} INFO - DAG(s) dict_keys(['load_data_to_vertica']) retrieved from /opt/airflow/dags/vertica_load_dag.py
[2024-12-04T05:05:38.052+0000] {logging_mixin.py:151} INFO - [2024-12-04T05:05:38.052+0000] {dag.py:2915} INFO - Sync 1 DAGs
[2024-12-04T05:05:38.062+0000] {logging_mixin.py:151} INFO - [2024-12-04T05:05:38.062+0000] {dag.py:3696} INFO - Setting next_dagrun for load_data_to_vertica to 2024-12-04T00:00:00+00:00, run_after=2024-12-05T00:00:00+00:00
[2024-12-04T05:05:38.069+0000] {processor.py:179} INFO - Processing /opt/airflow/dags/vertica_load_dag.py took 0.051 seconds
[2024-12-04T05:06:08.335+0000] {processor.py:157} INFO - Started process (PID=249) to work on /opt/airflow/dags/vertica_load_dag.py
[2024-12-04T05:06:08.336+0000] {processor.py:829} INFO - Processing file /opt/airflow/dags/vertica_load_dag.py for tasks to queue
[2024-12-04T05:06:08.337+0000] {logging_mixin.py:151} INFO - [2024-12-04T05:06:08.337+0000] {dagbag.py:539} INFO - Filling up the DagBag from /opt/airflow/dags/vertica_load_dag.py
[2024-12-04T05:06:08.356+0000] {processor.py:839} INFO - DAG(s) dict_keys(['load_data_to_vertica']) retrieved from /opt/airflow/dags/vertica_load_dag.py
[2024-12-04T05:06:08.373+0000] {logging_mixin.py:151} INFO - [2024-12-04T05:06:08.373+0000] {dag.py:2915} INFO - Sync 1 DAGs
[2024-12-04T05:06:08.384+0000] {logging_mixin.py:151} INFO - [2024-12-04T05:06:08.384+0000] {dag.py:3696} INFO - Setting next_dagrun for load_data_to_vertica to 2024-12-04T00:00:00+00:00, run_after=2024-12-05T00:00:00+00:00
[2024-12-04T05:06:08.391+0000] {processor.py:179} INFO - Processing /opt/airflow/dags/vertica_load_dag.py took 0.060 seconds
[2024-12-04T05:06:38.612+0000] {processor.py:157} INFO - Started process (PID=254) to work on /opt/airflow/dags/vertica_load_dag.py
[2024-12-04T05:06:38.613+0000] {processor.py:829} INFO - Processing file /opt/airflow/dags/vertica_load_dag.py for tasks to queue
[2024-12-04T05:06:38.613+0000] {logging_mixin.py:151} INFO - [2024-12-04T05:06:38.613+0000] {dagbag.py:539} INFO - Filling up the DagBag from /opt/airflow/dags/vertica_load_dag.py
[2024-12-04T05:06:38.625+0000] {processor.py:839} INFO - DAG(s) dict_keys(['load_data_to_vertica']) retrieved from /opt/airflow/dags/vertica_load_dag.py
[2024-12-04T05:06:38.642+0000] {logging_mixin.py:151} INFO - [2024-12-04T05:06:38.642+0000] {dag.py:2915} INFO - Sync 1 DAGs
[2024-12-04T05:06:38.651+0000] {logging_mixin.py:151} INFO - [2024-12-04T05:06:38.651+0000] {dag.py:3696} INFO - Setting next_dagrun for load_data_to_vertica to 2024-12-04T00:00:00+00:00, run_after=2024-12-05T00:00:00+00:00
[2024-12-04T05:06:38.658+0000] {processor.py:179} INFO - Processing /opt/airflow/dags/vertica_load_dag.py took 0.049 seconds
[2024-12-04T05:07:08.901+0000] {processor.py:157} INFO - Started process (PID=259) to work on /opt/airflow/dags/vertica_load_dag.py
[2024-12-04T05:07:08.902+0000] {processor.py:829} INFO - Processing file /opt/airflow/dags/vertica_load_dag.py for tasks to queue
[2024-12-04T05:07:08.903+0000] {logging_mixin.py:151} INFO - [2024-12-04T05:07:08.903+0000] {dagbag.py:539} INFO - Filling up the DagBag from /opt/airflow/dags/vertica_load_dag.py
[2024-12-04T05:07:08.924+0000] {processor.py:839} INFO - DAG(s) dict_keys(['load_data_to_vertica']) retrieved from /opt/airflow/dags/vertica_load_dag.py
[2024-12-04T05:07:08.944+0000] {logging_mixin.py:151} INFO - [2024-12-04T05:07:08.944+0000] {dag.py:2915} INFO - Sync 1 DAGs
[2024-12-04T05:07:08.971+0000] {logging_mixin.py:151} INFO - [2024-12-04T05:07:08.971+0000] {dag.py:3696} INFO - Setting next_dagrun for load_data_to_vertica to 2024-12-04T00:00:00+00:00, run_after=2024-12-05T00:00:00+00:00
[2024-12-04T05:07:08.978+0000] {processor.py:179} INFO - Processing /opt/airflow/dags/vertica_load_dag.py took 0.082 seconds
[2024-12-04T05:07:39.221+0000] {processor.py:157} INFO - Started process (PID=264) to work on /opt/airflow/dags/vertica_load_dag.py
[2024-12-04T05:07:39.222+0000] {processor.py:829} INFO - Processing file /opt/airflow/dags/vertica_load_dag.py for tasks to queue
[2024-12-04T05:07:39.223+0000] {logging_mixin.py:151} INFO - [2024-12-04T05:07:39.222+0000] {dagbag.py:539} INFO - Filling up the DagBag from /opt/airflow/dags/vertica_load_dag.py
[2024-12-04T05:07:39.238+0000] {processor.py:839} INFO - DAG(s) dict_keys(['load_data_to_vertica']) retrieved from /opt/airflow/dags/vertica_load_dag.py
[2024-12-04T05:07:39.257+0000] {logging_mixin.py:151} INFO - [2024-12-04T05:07:39.257+0000] {dag.py:2915} INFO - Sync 1 DAGs
[2024-12-04T05:07:39.268+0000] {logging_mixin.py:151} INFO - [2024-12-04T05:07:39.268+0000] {dag.py:3696} INFO - Setting next_dagrun for load_data_to_vertica to 2024-12-04T00:00:00+00:00, run_after=2024-12-05T00:00:00+00:00
[2024-12-04T05:07:39.275+0000] {processor.py:179} INFO - Processing /opt/airflow/dags/vertica_load_dag.py took 0.058 seconds
[2024-12-04T05:08:09.516+0000] {processor.py:157} INFO - Started process (PID=269) to work on /opt/airflow/dags/vertica_load_dag.py
[2024-12-04T05:08:09.517+0000] {processor.py:829} INFO - Processing file /opt/airflow/dags/vertica_load_dag.py for tasks to queue
[2024-12-04T05:08:09.517+0000] {logging_mixin.py:151} INFO - [2024-12-04T05:08:09.517+0000] {dagbag.py:539} INFO - Filling up the DagBag from /opt/airflow/dags/vertica_load_dag.py
[2024-12-04T05:08:09.531+0000] {processor.py:839} INFO - DAG(s) dict_keys(['load_data_to_vertica']) retrieved from /opt/airflow/dags/vertica_load_dag.py
[2024-12-04T05:08:09.550+0000] {logging_mixin.py:151} INFO - [2024-12-04T05:08:09.550+0000] {dag.py:2915} INFO - Sync 1 DAGs
[2024-12-04T05:08:09.565+0000] {logging_mixin.py:151} INFO - [2024-12-04T05:08:09.564+0000] {dag.py:3696} INFO - Setting next_dagrun for load_data_to_vertica to 2024-12-04T00:00:00+00:00, run_after=2024-12-05T00:00:00+00:00
[2024-12-04T05:08:09.573+0000] {processor.py:179} INFO - Processing /opt/airflow/dags/vertica_load_dag.py took 0.060 seconds
[2024-12-04T05:08:39.829+0000] {processor.py:157} INFO - Started process (PID=274) to work on /opt/airflow/dags/vertica_load_dag.py
[2024-12-04T05:08:39.830+0000] {processor.py:829} INFO - Processing file /opt/airflow/dags/vertica_load_dag.py for tasks to queue
[2024-12-04T05:08:39.831+0000] {logging_mixin.py:151} INFO - [2024-12-04T05:08:39.830+0000] {dagbag.py:539} INFO - Filling up the DagBag from /opt/airflow/dags/vertica_load_dag.py
[2024-12-04T05:08:39.847+0000] {processor.py:839} INFO - DAG(s) dict_keys(['load_data_to_vertica']) retrieved from /opt/airflow/dags/vertica_load_dag.py
[2024-12-04T05:08:39.867+0000] {logging_mixin.py:151} INFO - [2024-12-04T05:08:39.867+0000] {dag.py:2915} INFO - Sync 1 DAGs
[2024-12-04T05:08:39.878+0000] {logging_mixin.py:151} INFO - [2024-12-04T05:08:39.878+0000] {dag.py:3696} INFO - Setting next_dagrun for load_data_to_vertica to 2024-12-04T00:00:00+00:00, run_after=2024-12-05T00:00:00+00:00
[2024-12-04T05:08:39.885+0000] {processor.py:179} INFO - Processing /opt/airflow/dags/vertica_load_dag.py took 0.059 seconds
[2024-12-04T05:09:10.147+0000] {processor.py:157} INFO - Started process (PID=279) to work on /opt/airflow/dags/vertica_load_dag.py
[2024-12-04T05:09:10.148+0000] {processor.py:829} INFO - Processing file /opt/airflow/dags/vertica_load_dag.py for tasks to queue
[2024-12-04T05:09:10.149+0000] {logging_mixin.py:151} INFO - [2024-12-04T05:09:10.149+0000] {dagbag.py:539} INFO - Filling up the DagBag from /opt/airflow/dags/vertica_load_dag.py
[2024-12-04T05:09:10.200+0000] {processor.py:839} INFO - DAG(s) dict_keys(['load_data_to_vertica']) retrieved from /opt/airflow/dags/vertica_load_dag.py
[2024-12-04T05:09:10.254+0000] {logging_mixin.py:151} INFO - [2024-12-04T05:09:10.253+0000] {dag.py:2915} INFO - Sync 1 DAGs
[2024-12-04T05:09:10.278+0000] {logging_mixin.py:151} INFO - [2024-12-04T05:09:10.277+0000] {dag.py:3696} INFO - Setting next_dagrun for load_data_to_vertica to 2024-12-04T00:00:00+00:00, run_after=2024-12-05T00:00:00+00:00
[2024-12-04T05:09:10.372+0000] {processor.py:179} INFO - Processing /opt/airflow/dags/vertica_load_dag.py took 0.230 seconds
[2024-12-04T05:09:40.484+0000] {processor.py:157} INFO - Started process (PID=284) to work on /opt/airflow/dags/vertica_load_dag.py
[2024-12-04T05:09:40.485+0000] {processor.py:829} INFO - Processing file /opt/airflow/dags/vertica_load_dag.py for tasks to queue
[2024-12-04T05:09:40.486+0000] {logging_mixin.py:151} INFO - [2024-12-04T05:09:40.486+0000] {dagbag.py:539} INFO - Filling up the DagBag from /opt/airflow/dags/vertica_load_dag.py
[2024-12-04T05:09:40.508+0000] {processor.py:839} INFO - DAG(s) dict_keys(['load_data_to_vertica']) retrieved from /opt/airflow/dags/vertica_load_dag.py
[2024-12-04T05:09:40.540+0000] {logging_mixin.py:151} INFO - [2024-12-04T05:09:40.540+0000] {dag.py:2915} INFO - Sync 1 DAGs
[2024-12-04T05:09:40.567+0000] {logging_mixin.py:151} INFO - [2024-12-04T05:09:40.566+0000] {dag.py:3696} INFO - Setting next_dagrun for load_data_to_vertica to 2024-12-04T00:00:00+00:00, run_after=2024-12-05T00:00:00+00:00
[2024-12-04T05:09:40.575+0000] {processor.py:179} INFO - Processing /opt/airflow/dags/vertica_load_dag.py took 0.096 seconds
[2024-12-04T05:10:10.843+0000] {processor.py:157} INFO - Started process (PID=289) to work on /opt/airflow/dags/vertica_load_dag.py
[2024-12-04T05:10:10.844+0000] {processor.py:829} INFO - Processing file /opt/airflow/dags/vertica_load_dag.py for tasks to queue
[2024-12-04T05:10:10.845+0000] {logging_mixin.py:151} INFO - [2024-12-04T05:10:10.845+0000] {dagbag.py:539} INFO - Filling up the DagBag from /opt/airflow/dags/vertica_load_dag.py
[2024-12-04T05:10:10.863+0000] {processor.py:839} INFO - DAG(s) dict_keys(['load_data_to_vertica']) retrieved from /opt/airflow/dags/vertica_load_dag.py
[2024-12-04T05:10:10.899+0000] {logging_mixin.py:151} INFO - [2024-12-04T05:10:10.899+0000] {dag.py:2915} INFO - Sync 1 DAGs
[2024-12-04T05:10:10.912+0000] {logging_mixin.py:151} INFO - [2024-12-04T05:10:10.912+0000] {dag.py:3696} INFO - Setting next_dagrun for load_data_to_vertica to 2024-12-04T00:00:00+00:00, run_after=2024-12-05T00:00:00+00:00
[2024-12-04T05:10:10.920+0000] {processor.py:179} INFO - Processing /opt/airflow/dags/vertica_load_dag.py took 0.081 seconds
[2024-12-04T05:10:41.180+0000] {processor.py:157} INFO - Started process (PID=294) to work on /opt/airflow/dags/vertica_load_dag.py
[2024-12-04T05:10:41.182+0000] {processor.py:829} INFO - Processing file /opt/airflow/dags/vertica_load_dag.py for tasks to queue
[2024-12-04T05:10:41.183+0000] {logging_mixin.py:151} INFO - [2024-12-04T05:10:41.182+0000] {dagbag.py:539} INFO - Filling up the DagBag from /opt/airflow/dags/vertica_load_dag.py
[2024-12-04T05:10:41.203+0000] {processor.py:839} INFO - DAG(s) dict_keys(['load_data_to_vertica']) retrieved from /opt/airflow/dags/vertica_load_dag.py
[2024-12-04T05:10:41.224+0000] {logging_mixin.py:151} INFO - [2024-12-04T05:10:41.224+0000] {dag.py:2915} INFO - Sync 1 DAGs
[2024-12-04T05:10:41.235+0000] {logging_mixin.py:151} INFO - [2024-12-04T05:10:41.235+0000] {dag.py:3696} INFO - Setting next_dagrun for load_data_to_vertica to 2024-12-04T00:00:00+00:00, run_after=2024-12-05T00:00:00+00:00
[2024-12-04T05:10:41.242+0000] {processor.py:179} INFO - Processing /opt/airflow/dags/vertica_load_dag.py took 0.068 seconds
[2024-12-04T05:11:11.481+0000] {processor.py:157} INFO - Started process (PID=299) to work on /opt/airflow/dags/vertica_load_dag.py
[2024-12-04T05:11:11.482+0000] {processor.py:829} INFO - Processing file /opt/airflow/dags/vertica_load_dag.py for tasks to queue
[2024-12-04T05:11:11.483+0000] {logging_mixin.py:151} INFO - [2024-12-04T05:11:11.483+0000] {dagbag.py:539} INFO - Filling up the DagBag from /opt/airflow/dags/vertica_load_dag.py
[2024-12-04T05:11:11.500+0000] {processor.py:839} INFO - DAG(s) dict_keys(['load_data_to_vertica']) retrieved from /opt/airflow/dags/vertica_load_dag.py
[2024-12-04T05:11:11.519+0000] {logging_mixin.py:151} INFO - [2024-12-04T05:11:11.519+0000] {dag.py:2915} INFO - Sync 1 DAGs
[2024-12-04T05:11:11.531+0000] {logging_mixin.py:151} INFO - [2024-12-04T05:11:11.531+0000] {dag.py:3696} INFO - Setting next_dagrun for load_data_to_vertica to 2024-12-04T00:00:00+00:00, run_after=2024-12-05T00:00:00+00:00
[2024-12-04T05:11:11.538+0000] {processor.py:179} INFO - Processing /opt/airflow/dags/vertica_load_dag.py took 0.061 seconds
[2024-12-04T05:11:41.752+0000] {processor.py:157} INFO - Started process (PID=304) to work on /opt/airflow/dags/vertica_load_dag.py
[2024-12-04T05:11:41.753+0000] {processor.py:829} INFO - Processing file /opt/airflow/dags/vertica_load_dag.py for tasks to queue
[2024-12-04T05:11:41.753+0000] {logging_mixin.py:151} INFO - [2024-12-04T05:11:41.753+0000] {dagbag.py:539} INFO - Filling up the DagBag from /opt/airflow/dags/vertica_load_dag.py
[2024-12-04T05:11:41.765+0000] {processor.py:839} INFO - DAG(s) dict_keys(['load_data_to_vertica']) retrieved from /opt/airflow/dags/vertica_load_dag.py
[2024-12-04T05:11:41.782+0000] {logging_mixin.py:151} INFO - [2024-12-04T05:11:41.782+0000] {dag.py:2915} INFO - Sync 1 DAGs
[2024-12-04T05:11:41.792+0000] {logging_mixin.py:151} INFO - [2024-12-04T05:11:41.792+0000] {dag.py:3696} INFO - Setting next_dagrun for load_data_to_vertica to 2024-12-04T00:00:00+00:00, run_after=2024-12-05T00:00:00+00:00
[2024-12-04T05:11:41.798+0000] {processor.py:179} INFO - Processing /opt/airflow/dags/vertica_load_dag.py took 0.049 seconds
[2024-12-04T05:12:12.038+0000] {processor.py:157} INFO - Started process (PID=309) to work on /opt/airflow/dags/vertica_load_dag.py
[2024-12-04T05:12:12.039+0000] {processor.py:829} INFO - Processing file /opt/airflow/dags/vertica_load_dag.py for tasks to queue
[2024-12-04T05:12:12.040+0000] {logging_mixin.py:151} INFO - [2024-12-04T05:12:12.040+0000] {dagbag.py:539} INFO - Filling up the DagBag from /opt/airflow/dags/vertica_load_dag.py
[2024-12-04T05:12:12.056+0000] {processor.py:839} INFO - DAG(s) dict_keys(['load_data_to_vertica']) retrieved from /opt/airflow/dags/vertica_load_dag.py
[2024-12-04T05:12:12.085+0000] {logging_mixin.py:151} INFO - [2024-12-04T05:12:12.085+0000] {dag.py:2915} INFO - Sync 1 DAGs
[2024-12-04T05:12:12.096+0000] {logging_mixin.py:151} INFO - [2024-12-04T05:12:12.096+0000] {dag.py:3696} INFO - Setting next_dagrun for load_data_to_vertica to 2024-12-04T00:00:00+00:00, run_after=2024-12-05T00:00:00+00:00
[2024-12-04T05:12:12.103+0000] {processor.py:179} INFO - Processing /opt/airflow/dags/vertica_load_dag.py took 0.068 seconds
[2024-12-04T05:12:42.310+0000] {processor.py:157} INFO - Started process (PID=314) to work on /opt/airflow/dags/vertica_load_dag.py
[2024-12-04T05:12:42.311+0000] {processor.py:829} INFO - Processing file /opt/airflow/dags/vertica_load_dag.py for tasks to queue
[2024-12-04T05:12:42.312+0000] {logging_mixin.py:151} INFO - [2024-12-04T05:12:42.311+0000] {dagbag.py:539} INFO - Filling up the DagBag from /opt/airflow/dags/vertica_load_dag.py
[2024-12-04T05:12:42.332+0000] {processor.py:839} INFO - DAG(s) dict_keys(['load_data_to_vertica']) retrieved from /opt/airflow/dags/vertica_load_dag.py
[2024-12-04T05:12:42.355+0000] {logging_mixin.py:151} INFO - [2024-12-04T05:12:42.355+0000] {dag.py:2915} INFO - Sync 1 DAGs
[2024-12-04T05:12:42.368+0000] {logging_mixin.py:151} INFO - [2024-12-04T05:12:42.368+0000] {dag.py:3696} INFO - Setting next_dagrun for load_data_to_vertica to 2024-12-04T00:00:00+00:00, run_after=2024-12-05T00:00:00+00:00
[2024-12-04T05:12:42.378+0000] {processor.py:179} INFO - Processing /opt/airflow/dags/vertica_load_dag.py took 0.073 seconds
[2024-12-04T05:13:12.607+0000] {processor.py:157} INFO - Started process (PID=319) to work on /opt/airflow/dags/vertica_load_dag.py
[2024-12-04T05:13:12.608+0000] {processor.py:829} INFO - Processing file /opt/airflow/dags/vertica_load_dag.py for tasks to queue
[2024-12-04T05:13:12.608+0000] {logging_mixin.py:151} INFO - [2024-12-04T05:13:12.608+0000] {dagbag.py:539} INFO - Filling up the DagBag from /opt/airflow/dags/vertica_load_dag.py
[2024-12-04T05:13:12.630+0000] {processor.py:839} INFO - DAG(s) dict_keys(['load_data_to_vertica']) retrieved from /opt/airflow/dags/vertica_load_dag.py
[2024-12-04T05:13:12.658+0000] {logging_mixin.py:151} INFO - [2024-12-04T05:13:12.658+0000] {dag.py:2915} INFO - Sync 1 DAGs
[2024-12-04T05:13:12.681+0000] {logging_mixin.py:151} INFO - [2024-12-04T05:13:12.680+0000] {dag.py:3696} INFO - Setting next_dagrun for load_data_to_vertica to 2024-12-04T00:00:00+00:00, run_after=2024-12-05T00:00:00+00:00
[2024-12-04T05:13:12.709+0000] {processor.py:179} INFO - Processing /opt/airflow/dags/vertica_load_dag.py took 0.105 seconds
[2024-12-04T05:13:42.854+0000] {processor.py:157} INFO - Started process (PID=324) to work on /opt/airflow/dags/vertica_load_dag.py
[2024-12-04T05:13:42.855+0000] {processor.py:829} INFO - Processing file /opt/airflow/dags/vertica_load_dag.py for tasks to queue
[2024-12-04T05:13:42.856+0000] {logging_mixin.py:151} INFO - [2024-12-04T05:13:42.855+0000] {dagbag.py:539} INFO - Filling up the DagBag from /opt/airflow/dags/vertica_load_dag.py
[2024-12-04T05:13:42.878+0000] {processor.py:839} INFO - DAG(s) dict_keys(['load_data_to_vertica']) retrieved from /opt/airflow/dags/vertica_load_dag.py
[2024-12-04T05:13:42.896+0000] {logging_mixin.py:151} INFO - [2024-12-04T05:13:42.896+0000] {dag.py:2915} INFO - Sync 1 DAGs
[2024-12-04T05:13:42.907+0000] {logging_mixin.py:151} INFO - [2024-12-04T05:13:42.907+0000] {dag.py:3696} INFO - Setting next_dagrun for load_data_to_vertica to 2024-12-04T00:00:00+00:00, run_after=2024-12-05T00:00:00+00:00
[2024-12-04T05:13:42.914+0000] {processor.py:179} INFO - Processing /opt/airflow/dags/vertica_load_dag.py took 0.062 seconds
[2024-12-04T05:14:13.140+0000] {processor.py:157} INFO - Started process (PID=329) to work on /opt/airflow/dags/vertica_load_dag.py
[2024-12-04T05:14:13.141+0000] {processor.py:829} INFO - Processing file /opt/airflow/dags/vertica_load_dag.py for tasks to queue
[2024-12-04T05:14:13.142+0000] {logging_mixin.py:151} INFO - [2024-12-04T05:14:13.142+0000] {dagbag.py:539} INFO - Filling up the DagBag from /opt/airflow/dags/vertica_load_dag.py
[2024-12-04T05:14:13.156+0000] {processor.py:839} INFO - DAG(s) dict_keys(['load_data_to_vertica']) retrieved from /opt/airflow/dags/vertica_load_dag.py
[2024-12-04T05:14:13.172+0000] {logging_mixin.py:151} INFO - [2024-12-04T05:14:13.172+0000] {dag.py:2915} INFO - Sync 1 DAGs
[2024-12-04T05:14:13.182+0000] {logging_mixin.py:151} INFO - [2024-12-04T05:14:13.182+0000] {dag.py:3696} INFO - Setting next_dagrun for load_data_to_vertica to 2024-12-04T00:00:00+00:00, run_after=2024-12-05T00:00:00+00:00
[2024-12-04T05:14:13.188+0000] {processor.py:179} INFO - Processing /opt/airflow/dags/vertica_load_dag.py took 0.076 seconds
[2024-12-04T05:14:43.378+0000] {processor.py:157} INFO - Started process (PID=334) to work on /opt/airflow/dags/vertica_load_dag.py
[2024-12-04T05:14:43.379+0000] {processor.py:829} INFO - Processing file /opt/airflow/dags/vertica_load_dag.py for tasks to queue
[2024-12-04T05:14:43.379+0000] {logging_mixin.py:151} INFO - [2024-12-04T05:14:43.379+0000] {dagbag.py:539} INFO - Filling up the DagBag from /opt/airflow/dags/vertica_load_dag.py
[2024-12-04T05:14:43.393+0000] {processor.py:839} INFO - DAG(s) dict_keys(['load_data_to_vertica']) retrieved from /opt/airflow/dags/vertica_load_dag.py
[2024-12-04T05:14:43.410+0000] {logging_mixin.py:151} INFO - [2024-12-04T05:14:43.410+0000] {dag.py:2915} INFO - Sync 1 DAGs
[2024-12-04T05:14:43.420+0000] {logging_mixin.py:151} INFO - [2024-12-04T05:14:43.420+0000] {dag.py:3696} INFO - Setting next_dagrun for load_data_to_vertica to 2024-12-04T00:00:00+00:00, run_after=2024-12-05T00:00:00+00:00
[2024-12-04T05:14:43.426+0000] {processor.py:179} INFO - Processing /opt/airflow/dags/vertica_load_dag.py took 0.051 seconds
[2024-12-04T05:15:13.658+0000] {processor.py:157} INFO - Started process (PID=339) to work on /opt/airflow/dags/vertica_load_dag.py
[2024-12-04T05:15:13.659+0000] {processor.py:829} INFO - Processing file /opt/airflow/dags/vertica_load_dag.py for tasks to queue
[2024-12-04T05:15:13.660+0000] {logging_mixin.py:151} INFO - [2024-12-04T05:15:13.660+0000] {dagbag.py:539} INFO - Filling up the DagBag from /opt/airflow/dags/vertica_load_dag.py
[2024-12-04T05:15:13.676+0000] {processor.py:839} INFO - DAG(s) dict_keys(['load_data_to_vertica']) retrieved from /opt/airflow/dags/vertica_load_dag.py
[2024-12-04T05:15:13.694+0000] {logging_mixin.py:151} INFO - [2024-12-04T05:15:13.694+0000] {dag.py:2915} INFO - Sync 1 DAGs
[2024-12-04T05:15:13.705+0000] {logging_mixin.py:151} INFO - [2024-12-04T05:15:13.705+0000] {dag.py:3696} INFO - Setting next_dagrun for load_data_to_vertica to 2024-12-04T00:00:00+00:00, run_after=2024-12-05T00:00:00+00:00
[2024-12-04T05:15:13.712+0000] {processor.py:179} INFO - Processing /opt/airflow/dags/vertica_load_dag.py took 0.058 seconds
[2024-12-04T05:15:43.925+0000] {processor.py:157} INFO - Started process (PID=344) to work on /opt/airflow/dags/vertica_load_dag.py
[2024-12-04T05:15:43.926+0000] {processor.py:829} INFO - Processing file /opt/airflow/dags/vertica_load_dag.py for tasks to queue
[2024-12-04T05:15:43.927+0000] {logging_mixin.py:151} INFO - [2024-12-04T05:15:43.927+0000] {dagbag.py:539} INFO - Filling up the DagBag from /opt/airflow/dags/vertica_load_dag.py
[2024-12-04T05:15:43.942+0000] {processor.py:839} INFO - DAG(s) dict_keys(['load_data_to_vertica']) retrieved from /opt/airflow/dags/vertica_load_dag.py
[2024-12-04T05:15:43.963+0000] {logging_mixin.py:151} INFO - [2024-12-04T05:15:43.962+0000] {dag.py:2915} INFO - Sync 1 DAGs
[2024-12-04T05:15:43.980+0000] {logging_mixin.py:151} INFO - [2024-12-04T05:15:43.980+0000] {dag.py:3696} INFO - Setting next_dagrun for load_data_to_vertica to 2024-12-04T00:00:00+00:00, run_after=2024-12-05T00:00:00+00:00
[2024-12-04T05:15:43.989+0000] {processor.py:179} INFO - Processing /opt/airflow/dags/vertica_load_dag.py took 0.067 seconds
[2024-12-04T05:16:14.180+0000] {processor.py:157} INFO - Started process (PID=349) to work on /opt/airflow/dags/vertica_load_dag.py
[2024-12-04T05:16:14.181+0000] {processor.py:829} INFO - Processing file /opt/airflow/dags/vertica_load_dag.py for tasks to queue
[2024-12-04T05:16:14.182+0000] {logging_mixin.py:151} INFO - [2024-12-04T05:16:14.182+0000] {dagbag.py:539} INFO - Filling up the DagBag from /opt/airflow/dags/vertica_load_dag.py
[2024-12-04T05:16:14.193+0000] {processor.py:839} INFO - DAG(s) dict_keys(['load_data_to_vertica']) retrieved from /opt/airflow/dags/vertica_load_dag.py
[2024-12-04T05:16:14.209+0000] {logging_mixin.py:151} INFO - [2024-12-04T05:16:14.209+0000] {dag.py:2915} INFO - Sync 1 DAGs
[2024-12-04T05:16:14.219+0000] {logging_mixin.py:151} INFO - [2024-12-04T05:16:14.219+0000] {dag.py:3696} INFO - Setting next_dagrun for load_data_to_vertica to 2024-12-04T00:00:00+00:00, run_after=2024-12-05T00:00:00+00:00
[2024-12-04T05:16:14.225+0000] {processor.py:179} INFO - Processing /opt/airflow/dags/vertica_load_dag.py took 0.048 seconds
[2024-12-04T05:16:44.489+0000] {processor.py:157} INFO - Started process (PID=354) to work on /opt/airflow/dags/vertica_load_dag.py
[2024-12-04T05:16:44.494+0000] {processor.py:829} INFO - Processing file /opt/airflow/dags/vertica_load_dag.py for tasks to queue
[2024-12-04T05:16:44.498+0000] {logging_mixin.py:151} INFO - [2024-12-04T05:16:44.496+0000] {dagbag.py:539} INFO - Filling up the DagBag from /opt/airflow/dags/vertica_load_dag.py
[2024-12-04T05:16:44.518+0000] {processor.py:839} INFO - DAG(s) dict_keys(['load_data_to_vertica']) retrieved from /opt/airflow/dags/vertica_load_dag.py
[2024-12-04T05:16:44.539+0000] {logging_mixin.py:151} INFO - [2024-12-04T05:16:44.539+0000] {dag.py:2915} INFO - Sync 1 DAGs
[2024-12-04T05:16:44.551+0000] {logging_mixin.py:151} INFO - [2024-12-04T05:16:44.551+0000] {dag.py:3696} INFO - Setting next_dagrun for load_data_to_vertica to 2024-12-04T00:00:00+00:00, run_after=2024-12-05T00:00:00+00:00
[2024-12-04T05:16:44.558+0000] {processor.py:179} INFO - Processing /opt/airflow/dags/vertica_load_dag.py took 0.092 seconds
[2024-12-04T05:17:14.736+0000] {processor.py:157} INFO - Started process (PID=359) to work on /opt/airflow/dags/vertica_load_dag.py
[2024-12-04T05:17:14.737+0000] {processor.py:829} INFO - Processing file /opt/airflow/dags/vertica_load_dag.py for tasks to queue
[2024-12-04T05:17:14.737+0000] {logging_mixin.py:151} INFO - [2024-12-04T05:17:14.737+0000] {dagbag.py:539} INFO - Filling up the DagBag from /opt/airflow/dags/vertica_load_dag.py
[2024-12-04T05:17:14.750+0000] {processor.py:839} INFO - DAG(s) dict_keys(['load_data_to_vertica']) retrieved from /opt/airflow/dags/vertica_load_dag.py
[2024-12-04T05:17:14.768+0000] {logging_mixin.py:151} INFO - [2024-12-04T05:17:14.767+0000] {dag.py:2915} INFO - Sync 1 DAGs
[2024-12-04T05:17:14.778+0000] {logging_mixin.py:151} INFO - [2024-12-04T05:17:14.778+0000] {dag.py:3696} INFO - Setting next_dagrun for load_data_to_vertica to 2024-12-04T00:00:00+00:00, run_after=2024-12-05T00:00:00+00:00
[2024-12-04T05:17:14.784+0000] {processor.py:179} INFO - Processing /opt/airflow/dags/vertica_load_dag.py took 0.051 seconds
[2024-12-04T05:17:45.092+0000] {processor.py:157} INFO - Started process (PID=364) to work on /opt/airflow/dags/vertica_load_dag.py
[2024-12-04T05:17:45.093+0000] {processor.py:829} INFO - Processing file /opt/airflow/dags/vertica_load_dag.py for tasks to queue
[2024-12-04T05:17:45.095+0000] {logging_mixin.py:151} INFO - [2024-12-04T05:17:45.094+0000] {dagbag.py:539} INFO - Filling up the DagBag from /opt/airflow/dags/vertica_load_dag.py
[2024-12-04T05:17:45.113+0000] {processor.py:839} INFO - DAG(s) dict_keys(['load_data_to_vertica']) retrieved from /opt/airflow/dags/vertica_load_dag.py
[2024-12-04T05:17:45.134+0000] {logging_mixin.py:151} INFO - [2024-12-04T05:17:45.134+0000] {dag.py:2915} INFO - Sync 1 DAGs
[2024-12-04T05:17:45.146+0000] {logging_mixin.py:151} INFO - [2024-12-04T05:17:45.146+0000] {dag.py:3696} INFO - Setting next_dagrun for load_data_to_vertica to 2024-12-04T00:00:00+00:00, run_after=2024-12-05T00:00:00+00:00
[2024-12-04T05:17:45.153+0000] {processor.py:179} INFO - Processing /opt/airflow/dags/vertica_load_dag.py took 0.070 seconds
[2024-12-04T05:18:15.477+0000] {processor.py:157} INFO - Started process (PID=369) to work on /opt/airflow/dags/vertica_load_dag.py
[2024-12-04T05:18:15.478+0000] {processor.py:829} INFO - Processing file /opt/airflow/dags/vertica_load_dag.py for tasks to queue
[2024-12-04T05:18:15.479+0000] {logging_mixin.py:151} INFO - [2024-12-04T05:18:15.479+0000] {dagbag.py:539} INFO - Filling up the DagBag from /opt/airflow/dags/vertica_load_dag.py
[2024-12-04T05:18:15.515+0000] {processor.py:839} INFO - DAG(s) dict_keys(['load_data_to_vertica']) retrieved from /opt/airflow/dags/vertica_load_dag.py
[2024-12-04T05:18:15.538+0000] {logging_mixin.py:151} INFO - [2024-12-04T05:18:15.538+0000] {dag.py:2915} INFO - Sync 1 DAGs
[2024-12-04T05:18:15.549+0000] {logging_mixin.py:151} INFO - [2024-12-04T05:18:15.549+0000] {dag.py:3696} INFO - Setting next_dagrun for load_data_to_vertica to 2024-12-04T00:00:00+00:00, run_after=2024-12-05T00:00:00+00:00
[2024-12-04T05:18:15.556+0000] {processor.py:179} INFO - Processing /opt/airflow/dags/vertica_load_dag.py took 0.084 seconds
[2024-12-04T05:54:36.379+0000] {processor.py:157} INFO - Started process (PID=376) to work on /opt/airflow/dags/vertica_load_dag.py
[2024-12-04T05:54:36.380+0000] {processor.py:829} INFO - Processing file /opt/airflow/dags/vertica_load_dag.py for tasks to queue
[2024-12-04T05:54:36.382+0000] {logging_mixin.py:151} INFO - [2024-12-04T05:54:36.381+0000] {dagbag.py:539} INFO - Filling up the DagBag from /opt/airflow/dags/vertica_load_dag.py
[2024-12-04T05:54:36.402+0000] {processor.py:839} INFO - DAG(s) dict_keys(['load_data_to_vertica']) retrieved from /opt/airflow/dags/vertica_load_dag.py
[2024-12-04T05:54:36.445+0000] {logging_mixin.py:151} INFO - [2024-12-04T05:54:36.445+0000] {dag.py:2915} INFO - Sync 1 DAGs
[2024-12-04T05:54:36.475+0000] {logging_mixin.py:151} INFO - [2024-12-04T05:54:36.475+0000] {dag.py:3696} INFO - Setting next_dagrun for load_data_to_vertica to 2024-12-04T00:00:00+00:00, run_after=2024-12-05T00:00:00+00:00
[2024-12-04T05:54:36.498+0000] {processor.py:179} INFO - Processing /opt/airflow/dags/vertica_load_dag.py took 0.124 seconds
[2024-12-04T06:03:15.718+0000] {processor.py:157} INFO - Started process (PID=381) to work on /opt/airflow/dags/vertica_load_dag.py
[2024-12-04T06:03:15.721+0000] {processor.py:829} INFO - Processing file /opt/airflow/dags/vertica_load_dag.py for tasks to queue
[2024-12-04T06:03:15.726+0000] {logging_mixin.py:151} INFO - [2024-12-04T06:03:15.724+0000] {dagbag.py:539} INFO - Filling up the DagBag from /opt/airflow/dags/vertica_load_dag.py
[2024-12-04T06:03:15.796+0000] {processor.py:839} INFO - DAG(s) dict_keys(['load_data_to_vertica']) retrieved from /opt/airflow/dags/vertica_load_dag.py
[2024-12-04T06:03:15.874+0000] {logging_mixin.py:151} INFO - [2024-12-04T06:03:15.874+0000] {dag.py:2915} INFO - Sync 1 DAGs
[2024-12-04T06:03:15.919+0000] {logging_mixin.py:151} INFO - [2024-12-04T06:03:15.918+0000] {dag.py:3696} INFO - Setting next_dagrun for load_data_to_vertica to 2024-12-04T00:00:00+00:00, run_after=2024-12-05T00:00:00+00:00
[2024-12-04T06:03:15.961+0000] {processor.py:179} INFO - Processing /opt/airflow/dags/vertica_load_dag.py took 0.247 seconds
[2024-12-04T06:03:46.280+0000] {processor.py:157} INFO - Started process (PID=386) to work on /opt/airflow/dags/vertica_load_dag.py
[2024-12-04T06:03:46.285+0000] {processor.py:829} INFO - Processing file /opt/airflow/dags/vertica_load_dag.py for tasks to queue
[2024-12-04T06:03:46.286+0000] {logging_mixin.py:151} INFO - [2024-12-04T06:03:46.285+0000] {dagbag.py:539} INFO - Filling up the DagBag from /opt/airflow/dags/vertica_load_dag.py
[2024-12-04T06:03:46.306+0000] {processor.py:839} INFO - DAG(s) dict_keys(['load_data_to_vertica']) retrieved from /opt/airflow/dags/vertica_load_dag.py
[2024-12-04T06:03:46.331+0000] {logging_mixin.py:151} INFO - [2024-12-04T06:03:46.331+0000] {dag.py:2915} INFO - Sync 1 DAGs
[2024-12-04T06:03:46.346+0000] {logging_mixin.py:151} INFO - [2024-12-04T06:03:46.345+0000] {dag.py:3696} INFO - Setting next_dagrun for load_data_to_vertica to 2024-12-04T00:00:00+00:00, run_after=2024-12-05T00:00:00+00:00
[2024-12-04T06:03:46.354+0000] {processor.py:179} INFO - Processing /opt/airflow/dags/vertica_load_dag.py took 0.093 seconds
[2024-12-04T06:04:16.544+0000] {processor.py:157} INFO - Started process (PID=391) to work on /opt/airflow/dags/vertica_load_dag.py
[2024-12-04T06:04:16.546+0000] {processor.py:829} INFO - Processing file /opt/airflow/dags/vertica_load_dag.py for tasks to queue
[2024-12-04T06:04:16.547+0000] {logging_mixin.py:151} INFO - [2024-12-04T06:04:16.547+0000] {dagbag.py:539} INFO - Filling up the DagBag from /opt/airflow/dags/vertica_load_dag.py
[2024-12-04T06:04:16.593+0000] {processor.py:839} INFO - DAG(s) dict_keys(['load_data_to_vertica']) retrieved from /opt/airflow/dags/vertica_load_dag.py
[2024-12-04T06:04:16.615+0000] {logging_mixin.py:151} INFO - [2024-12-04T06:04:16.615+0000] {dag.py:2915} INFO - Sync 1 DAGs
[2024-12-04T06:04:16.627+0000] {logging_mixin.py:151} INFO - [2024-12-04T06:04:16.627+0000] {dag.py:3696} INFO - Setting next_dagrun for load_data_to_vertica to 2024-12-04T00:00:00+00:00, run_after=2024-12-05T00:00:00+00:00
[2024-12-04T06:04:16.635+0000] {processor.py:179} INFO - Processing /opt/airflow/dags/vertica_load_dag.py took 0.099 seconds
[2024-12-04T06:04:46.911+0000] {processor.py:157} INFO - Started process (PID=396) to work on /opt/airflow/dags/vertica_load_dag.py
[2024-12-04T06:04:46.912+0000] {processor.py:829} INFO - Processing file /opt/airflow/dags/vertica_load_dag.py for tasks to queue
[2024-12-04T06:04:46.912+0000] {logging_mixin.py:151} INFO - [2024-12-04T06:04:46.912+0000] {dagbag.py:539} INFO - Filling up the DagBag from /opt/airflow/dags/vertica_load_dag.py
[2024-12-04T06:04:46.922+0000] {processor.py:839} INFO - DAG(s) dict_keys(['load_data_to_vertica']) retrieved from /opt/airflow/dags/vertica_load_dag.py
[2024-12-04T06:04:46.941+0000] {logging_mixin.py:151} INFO - [2024-12-04T06:04:46.941+0000] {dag.py:2915} INFO - Sync 1 DAGs
[2024-12-04T06:04:46.953+0000] {logging_mixin.py:151} INFO - [2024-12-04T06:04:46.953+0000] {dag.py:3696} INFO - Setting next_dagrun for load_data_to_vertica to 2024-12-04T00:00:00+00:00, run_after=2024-12-05T00:00:00+00:00
[2024-12-04T06:04:46.960+0000] {processor.py:179} INFO - Processing /opt/airflow/dags/vertica_load_dag.py took 0.051 seconds
[2024-12-04T06:05:17.324+0000] {processor.py:157} INFO - Started process (PID=401) to work on /opt/airflow/dags/vertica_load_dag.py
[2024-12-04T06:05:17.326+0000] {processor.py:829} INFO - Processing file /opt/airflow/dags/vertica_load_dag.py for tasks to queue
[2024-12-04T06:05:17.328+0000] {logging_mixin.py:151} INFO - [2024-12-04T06:05:17.327+0000] {dagbag.py:539} INFO - Filling up the DagBag from /opt/airflow/dags/vertica_load_dag.py
[2024-12-04T06:05:17.362+0000] {processor.py:839} INFO - DAG(s) dict_keys(['load_data_to_vertica']) retrieved from /opt/airflow/dags/vertica_load_dag.py
[2024-12-04T06:05:17.389+0000] {logging_mixin.py:151} INFO - [2024-12-04T06:05:17.389+0000] {dag.py:2915} INFO - Sync 1 DAGs
[2024-12-04T06:05:17.420+0000] {logging_mixin.py:151} INFO - [2024-12-04T06:05:17.420+0000] {dag.py:3696} INFO - Setting next_dagrun for load_data_to_vertica to 2024-12-04T00:00:00+00:00, run_after=2024-12-05T00:00:00+00:00
[2024-12-04T06:05:17.430+0000] {processor.py:179} INFO - Processing /opt/airflow/dags/vertica_load_dag.py took 0.112 seconds
[2024-12-04T06:05:47.658+0000] {processor.py:157} INFO - Started process (PID=406) to work on /opt/airflow/dags/vertica_load_dag.py
[2024-12-04T06:05:47.663+0000] {processor.py:829} INFO - Processing file /opt/airflow/dags/vertica_load_dag.py for tasks to queue
[2024-12-04T06:05:47.665+0000] {logging_mixin.py:151} INFO - [2024-12-04T06:05:47.664+0000] {dagbag.py:539} INFO - Filling up the DagBag from /opt/airflow/dags/vertica_load_dag.py
[2024-12-04T06:05:47.698+0000] {processor.py:839} INFO - DAG(s) dict_keys(['load_data_to_vertica']) retrieved from /opt/airflow/dags/vertica_load_dag.py
[2024-12-04T06:05:47.725+0000] {logging_mixin.py:151} INFO - [2024-12-04T06:05:47.725+0000] {dag.py:2915} INFO - Sync 1 DAGs
[2024-12-04T06:05:47.743+0000] {logging_mixin.py:151} INFO - [2024-12-04T06:05:47.742+0000] {dag.py:3696} INFO - Setting next_dagrun for load_data_to_vertica to 2024-12-04T00:00:00+00:00, run_after=2024-12-05T00:00:00+00:00
[2024-12-04T06:05:47.757+0000] {processor.py:179} INFO - Processing /opt/airflow/dags/vertica_load_dag.py took 0.109 seconds
[2024-12-04T06:06:18.004+0000] {processor.py:157} INFO - Started process (PID=411) to work on /opt/airflow/dags/vertica_load_dag.py
[2024-12-04T06:06:18.006+0000] {processor.py:829} INFO - Processing file /opt/airflow/dags/vertica_load_dag.py for tasks to queue
[2024-12-04T06:06:18.008+0000] {logging_mixin.py:151} INFO - [2024-12-04T06:06:18.007+0000] {dagbag.py:539} INFO - Filling up the DagBag from /opt/airflow/dags/vertica_load_dag.py
[2024-12-04T06:06:18.058+0000] {processor.py:839} INFO - DAG(s) dict_keys(['load_data_to_vertica']) retrieved from /opt/airflow/dags/vertica_load_dag.py
[2024-12-04T06:06:18.081+0000] {logging_mixin.py:151} INFO - [2024-12-04T06:06:18.081+0000] {dag.py:2915} INFO - Sync 1 DAGs
[2024-12-04T06:06:18.093+0000] {logging_mixin.py:151} INFO - [2024-12-04T06:06:18.093+0000] {dag.py:3696} INFO - Setting next_dagrun for load_data_to_vertica to 2024-12-04T00:00:00+00:00, run_after=2024-12-05T00:00:00+00:00
[2024-12-04T06:06:18.100+0000] {processor.py:179} INFO - Processing /opt/airflow/dags/vertica_load_dag.py took 0.101 seconds
[2024-12-04T06:06:48.348+0000] {processor.py:157} INFO - Started process (PID=416) to work on /opt/airflow/dags/vertica_load_dag.py
[2024-12-04T06:06:48.349+0000] {processor.py:829} INFO - Processing file /opt/airflow/dags/vertica_load_dag.py for tasks to queue
[2024-12-04T06:06:48.350+0000] {logging_mixin.py:151} INFO - [2024-12-04T06:06:48.349+0000] {dagbag.py:539} INFO - Filling up the DagBag from /opt/airflow/dags/vertica_load_dag.py
[2024-12-04T06:06:48.361+0000] {processor.py:839} INFO - DAG(s) dict_keys(['load_data_to_vertica']) retrieved from /opt/airflow/dags/vertica_load_dag.py
[2024-12-04T06:06:48.377+0000] {logging_mixin.py:151} INFO - [2024-12-04T06:06:48.377+0000] {dag.py:2915} INFO - Sync 1 DAGs
[2024-12-04T06:06:48.388+0000] {logging_mixin.py:151} INFO - [2024-12-04T06:06:48.388+0000] {dag.py:3696} INFO - Setting next_dagrun for load_data_to_vertica to 2024-12-04T00:00:00+00:00, run_after=2024-12-05T00:00:00+00:00
[2024-12-04T06:06:48.395+0000] {processor.py:179} INFO - Processing /opt/airflow/dags/vertica_load_dag.py took 0.049 seconds
[2024-12-04T06:07:18.645+0000] {processor.py:157} INFO - Started process (PID=421) to work on /opt/airflow/dags/vertica_load_dag.py
[2024-12-04T06:07:18.646+0000] {processor.py:829} INFO - Processing file /opt/airflow/dags/vertica_load_dag.py for tasks to queue
[2024-12-04T06:07:18.647+0000] {logging_mixin.py:151} INFO - [2024-12-04T06:07:18.647+0000] {dagbag.py:539} INFO - Filling up the DagBag from /opt/airflow/dags/vertica_load_dag.py
[2024-12-04T06:07:18.689+0000] {processor.py:839} INFO - DAG(s) dict_keys(['load_data_to_vertica']) retrieved from /opt/airflow/dags/vertica_load_dag.py
[2024-12-04T06:07:18.713+0000] {logging_mixin.py:151} INFO - [2024-12-04T06:07:18.713+0000] {dag.py:2915} INFO - Sync 1 DAGs
[2024-12-04T06:07:18.727+0000] {logging_mixin.py:151} INFO - [2024-12-04T06:07:18.727+0000] {dag.py:3696} INFO - Setting next_dagrun for load_data_to_vertica to 2024-12-04T00:00:00+00:00, run_after=2024-12-05T00:00:00+00:00
[2024-12-04T06:07:18.734+0000] {processor.py:179} INFO - Processing /opt/airflow/dags/vertica_load_dag.py took 0.093 seconds
[2024-12-04T06:07:48.904+0000] {processor.py:157} INFO - Started process (PID=426) to work on /opt/airflow/dags/vertica_load_dag.py
[2024-12-04T06:07:48.913+0000] {processor.py:829} INFO - Processing file /opt/airflow/dags/vertica_load_dag.py for tasks to queue
[2024-12-04T06:07:48.919+0000] {logging_mixin.py:151} INFO - [2024-12-04T06:07:48.916+0000] {dagbag.py:539} INFO - Filling up the DagBag from /opt/airflow/dags/vertica_load_dag.py
[2024-12-04T06:07:48.948+0000] {processor.py:839} INFO - DAG(s) dict_keys(['load_data_to_vertica']) retrieved from /opt/airflow/dags/vertica_load_dag.py
[2024-12-04T06:07:48.970+0000] {logging_mixin.py:151} INFO - [2024-12-04T06:07:48.970+0000] {dag.py:2915} INFO - Sync 1 DAGs
[2024-12-04T06:07:48.991+0000] {logging_mixin.py:151} INFO - [2024-12-04T06:07:48.990+0000] {dag.py:3696} INFO - Setting next_dagrun for load_data_to_vertica to 2024-12-04T00:00:00+00:00, run_after=2024-12-05T00:00:00+00:00
[2024-12-04T06:07:48.998+0000] {processor.py:179} INFO - Processing /opt/airflow/dags/vertica_load_dag.py took 0.104 seconds
[2024-12-04T06:46:17.255+0000] {processor.py:157} INFO - Started process (PID=167) to work on /opt/airflow/dags/vertica_load_dag.py
[2024-12-04T06:46:17.256+0000] {processor.py:829} INFO - Processing file /opt/airflow/dags/vertica_load_dag.py for tasks to queue
[2024-12-04T06:46:17.257+0000] {logging_mixin.py:151} INFO - [2024-12-04T06:46:17.257+0000] {dagbag.py:539} INFO - Filling up the DagBag from /opt/airflow/dags/vertica_load_dag.py
[2024-12-04T06:46:17.263+0000] {processor.py:839} INFO - DAG(s) dict_keys(['load_data_to_vertica']) retrieved from /opt/airflow/dags/vertica_load_dag.py
[2024-12-04T06:46:17.275+0000] {logging_mixin.py:151} INFO - [2024-12-04T06:46:17.275+0000] {dag.py:2915} INFO - Sync 1 DAGs
[2024-12-04T06:46:17.284+0000] {logging_mixin.py:151} INFO - [2024-12-04T06:46:17.284+0000] {dag.py:3696} INFO - Setting next_dagrun for load_data_to_vertica to 2024-12-04T00:00:00+00:00, run_after=2024-12-05T00:00:00+00:00
[2024-12-04T06:46:17.290+0000] {processor.py:179} INFO - Processing /opt/airflow/dags/vertica_load_dag.py took 0.037 seconds
[2024-12-04T06:46:47.501+0000] {processor.py:157} INFO - Started process (PID=172) to work on /opt/airflow/dags/vertica_load_dag.py
[2024-12-04T06:46:47.502+0000] {processor.py:829} INFO - Processing file /opt/airflow/dags/vertica_load_dag.py for tasks to queue
[2024-12-04T06:46:47.503+0000] {logging_mixin.py:151} INFO - [2024-12-04T06:46:47.503+0000] {dagbag.py:539} INFO - Filling up the DagBag from /opt/airflow/dags/vertica_load_dag.py
[2024-12-04T06:46:47.518+0000] {processor.py:839} INFO - DAG(s) dict_keys(['load_data_to_vertica']) retrieved from /opt/airflow/dags/vertica_load_dag.py
[2024-12-04T06:46:47.553+0000] {logging_mixin.py:151} INFO - [2024-12-04T06:46:47.553+0000] {dag.py:2915} INFO - Sync 1 DAGs
[2024-12-04T06:46:47.567+0000] {logging_mixin.py:151} INFO - [2024-12-04T06:46:47.567+0000] {dag.py:3696} INFO - Setting next_dagrun for load_data_to_vertica to 2024-12-04T00:00:00+00:00, run_after=2024-12-05T00:00:00+00:00
[2024-12-04T06:46:47.577+0000] {processor.py:179} INFO - Processing /opt/airflow/dags/vertica_load_dag.py took 0.079 seconds
[2024-12-04T06:47:17.741+0000] {processor.py:157} INFO - Started process (PID=177) to work on /opt/airflow/dags/vertica_load_dag.py
[2024-12-04T06:47:17.752+0000] {processor.py:829} INFO - Processing file /opt/airflow/dags/vertica_load_dag.py for tasks to queue
[2024-12-04T06:47:17.754+0000] {logging_mixin.py:151} INFO - [2024-12-04T06:47:17.754+0000] {dagbag.py:539} INFO - Filling up the DagBag from /opt/airflow/dags/vertica_load_dag.py
[2024-12-04T06:47:17.766+0000] {processor.py:839} INFO - DAG(s) dict_keys(['load_data_to_vertica']) retrieved from /opt/airflow/dags/vertica_load_dag.py
[2024-12-04T06:47:17.784+0000] {logging_mixin.py:151} INFO - [2024-12-04T06:47:17.784+0000] {dag.py:2915} INFO - Sync 1 DAGs
[2024-12-04T06:47:17.795+0000] {logging_mixin.py:151} INFO - [2024-12-04T06:47:17.795+0000] {dag.py:3696} INFO - Setting next_dagrun for load_data_to_vertica to 2024-12-04T00:00:00+00:00, run_after=2024-12-05T00:00:00+00:00
[2024-12-04T06:47:17.802+0000] {processor.py:179} INFO - Processing /opt/airflow/dags/vertica_load_dag.py took 0.070 seconds
[2024-12-04T06:47:48.008+0000] {processor.py:157} INFO - Started process (PID=182) to work on /opt/airflow/dags/vertica_load_dag.py
[2024-12-04T06:47:48.010+0000] {processor.py:829} INFO - Processing file /opt/airflow/dags/vertica_load_dag.py for tasks to queue
[2024-12-04T06:47:48.012+0000] {logging_mixin.py:151} INFO - [2024-12-04T06:47:48.011+0000] {dagbag.py:539} INFO - Filling up the DagBag from /opt/airflow/dags/vertica_load_dag.py
[2024-12-04T06:47:48.028+0000] {processor.py:839} INFO - DAG(s) dict_keys(['load_data_to_vertica']) retrieved from /opt/airflow/dags/vertica_load_dag.py
[2024-12-04T06:47:48.049+0000] {logging_mixin.py:151} INFO - [2024-12-04T06:47:48.049+0000] {dag.py:2915} INFO - Sync 1 DAGs
[2024-12-04T06:47:48.060+0000] {logging_mixin.py:151} INFO - [2024-12-04T06:47:48.060+0000] {dag.py:3696} INFO - Setting next_dagrun for load_data_to_vertica to 2024-12-04T00:00:00+00:00, run_after=2024-12-05T00:00:00+00:00
[2024-12-04T06:47:48.067+0000] {processor.py:179} INFO - Processing /opt/airflow/dags/vertica_load_dag.py took 0.064 seconds
[2024-12-04T06:48:18.437+0000] {processor.py:157} INFO - Started process (PID=187) to work on /opt/airflow/dags/vertica_load_dag.py
[2024-12-04T06:48:18.438+0000] {processor.py:829} INFO - Processing file /opt/airflow/dags/vertica_load_dag.py for tasks to queue
[2024-12-04T06:48:18.438+0000] {logging_mixin.py:151} INFO - [2024-12-04T06:48:18.438+0000] {dagbag.py:539} INFO - Filling up the DagBag from /opt/airflow/dags/vertica_load_dag.py
[2024-12-04T06:48:18.455+0000] {processor.py:839} INFO - DAG(s) dict_keys(['load_data_to_vertica']) retrieved from /opt/airflow/dags/vertica_load_dag.py
[2024-12-04T06:48:18.476+0000] {logging_mixin.py:151} INFO - [2024-12-04T06:48:18.476+0000] {dag.py:2915} INFO - Sync 1 DAGs
[2024-12-04T06:48:18.489+0000] {logging_mixin.py:151} INFO - [2024-12-04T06:48:18.489+0000] {dag.py:3696} INFO - Setting next_dagrun for load_data_to_vertica to 2024-12-04T00:00:00+00:00, run_after=2024-12-05T00:00:00+00:00
[2024-12-04T06:48:18.501+0000] {processor.py:179} INFO - Processing /opt/airflow/dags/vertica_load_dag.py took 0.068 seconds
[2024-12-04T06:48:48.726+0000] {processor.py:157} INFO - Started process (PID=192) to work on /opt/airflow/dags/vertica_load_dag.py
[2024-12-04T06:48:48.728+0000] {processor.py:829} INFO - Processing file /opt/airflow/dags/vertica_load_dag.py for tasks to queue
[2024-12-04T06:48:48.729+0000] {logging_mixin.py:151} INFO - [2024-12-04T06:48:48.729+0000] {dagbag.py:539} INFO - Filling up the DagBag from /opt/airflow/dags/vertica_load_dag.py
[2024-12-04T06:48:48.746+0000] {processor.py:839} INFO - DAG(s) dict_keys(['load_data_to_vertica']) retrieved from /opt/airflow/dags/vertica_load_dag.py
[2024-12-04T06:48:48.768+0000] {logging_mixin.py:151} INFO - [2024-12-04T06:48:48.768+0000] {dag.py:2915} INFO - Sync 1 DAGs
[2024-12-04T06:48:48.792+0000] {logging_mixin.py:151} INFO - [2024-12-04T06:48:48.792+0000] {dag.py:3696} INFO - Setting next_dagrun for load_data_to_vertica to 2024-12-04T00:00:00+00:00, run_after=2024-12-05T00:00:00+00:00
[2024-12-04T06:48:48.799+0000] {processor.py:179} INFO - Processing /opt/airflow/dags/vertica_load_dag.py took 0.077 seconds
[2024-12-04T06:49:19.011+0000] {processor.py:157} INFO - Started process (PID=197) to work on /opt/airflow/dags/vertica_load_dag.py
[2024-12-04T06:49:19.012+0000] {processor.py:829} INFO - Processing file /opt/airflow/dags/vertica_load_dag.py for tasks to queue
[2024-12-04T06:49:19.013+0000] {logging_mixin.py:151} INFO - [2024-12-04T06:49:19.012+0000] {dagbag.py:539} INFO - Filling up the DagBag from /opt/airflow/dags/vertica_load_dag.py
[2024-12-04T06:49:19.029+0000] {processor.py:839} INFO - DAG(s) dict_keys(['load_data_to_vertica']) retrieved from /opt/airflow/dags/vertica_load_dag.py
[2024-12-04T06:49:19.054+0000] {logging_mixin.py:151} INFO - [2024-12-04T06:49:19.054+0000] {dag.py:2915} INFO - Sync 1 DAGs
[2024-12-04T06:49:19.073+0000] {logging_mixin.py:151} INFO - [2024-12-04T06:49:19.072+0000] {dag.py:3696} INFO - Setting next_dagrun for load_data_to_vertica to 2024-12-04T00:00:00+00:00, run_after=2024-12-05T00:00:00+00:00
[2024-12-04T06:49:19.208+0000] {processor.py:179} INFO - Processing /opt/airflow/dags/vertica_load_dag.py took 0.202 seconds
[2024-12-04T06:49:49.363+0000] {processor.py:157} INFO - Started process (PID=202) to work on /opt/airflow/dags/vertica_load_dag.py
[2024-12-04T06:49:49.364+0000] {processor.py:829} INFO - Processing file /opt/airflow/dags/vertica_load_dag.py for tasks to queue
[2024-12-04T06:49:49.365+0000] {logging_mixin.py:151} INFO - [2024-12-04T06:49:49.364+0000] {dagbag.py:539} INFO - Filling up the DagBag from /opt/airflow/dags/vertica_load_dag.py
[2024-12-04T06:49:49.381+0000] {processor.py:839} INFO - DAG(s) dict_keys(['load_data_to_vertica']) retrieved from /opt/airflow/dags/vertica_load_dag.py
[2024-12-04T06:49:49.404+0000] {logging_mixin.py:151} INFO - [2024-12-04T06:49:49.404+0000] {dag.py:2915} INFO - Sync 1 DAGs
[2024-12-04T06:49:49.505+0000] {logging_mixin.py:151} INFO - [2024-12-04T06:49:49.504+0000] {dag.py:3696} INFO - Setting next_dagrun for load_data_to_vertica to 2024-12-04T00:00:00+00:00, run_after=2024-12-05T00:00:00+00:00
[2024-12-04T06:49:49.511+0000] {processor.py:179} INFO - Processing /opt/airflow/dags/vertica_load_dag.py took 0.152 seconds
[2024-12-04T06:50:19.956+0000] {processor.py:157} INFO - Started process (PID=207) to work on /opt/airflow/dags/vertica_load_dag.py
[2024-12-04T06:50:19.958+0000] {processor.py:829} INFO - Processing file /opt/airflow/dags/vertica_load_dag.py for tasks to queue
[2024-12-04T06:50:19.959+0000] {logging_mixin.py:151} INFO - [2024-12-04T06:50:19.958+0000] {dagbag.py:539} INFO - Filling up the DagBag from /opt/airflow/dags/vertica_load_dag.py
[2024-12-04T06:50:20.001+0000] {processor.py:839} INFO - DAG(s) dict_keys(['load_data_to_vertica']) retrieved from /opt/airflow/dags/vertica_load_dag.py
[2024-12-04T06:50:20.028+0000] {logging_mixin.py:151} INFO - [2024-12-04T06:50:20.028+0000] {dag.py:2915} INFO - Sync 1 DAGs
[2024-12-04T06:50:20.160+0000] {logging_mixin.py:151} INFO - [2024-12-04T06:50:20.160+0000] {dag.py:3696} INFO - Setting next_dagrun for load_data_to_vertica to 2024-12-04T00:00:00+00:00, run_after=2024-12-05T00:00:00+00:00
[2024-12-04T06:50:20.167+0000] {processor.py:179} INFO - Processing /opt/airflow/dags/vertica_load_dag.py took 0.215 seconds
[2024-12-04T06:50:50.224+0000] {processor.py:157} INFO - Started process (PID=216) to work on /opt/airflow/dags/vertica_load_dag.py
[2024-12-04T06:50:50.225+0000] {processor.py:829} INFO - Processing file /opt/airflow/dags/vertica_load_dag.py for tasks to queue
[2024-12-04T06:50:50.225+0000] {logging_mixin.py:151} INFO - [2024-12-04T06:50:50.225+0000] {dagbag.py:539} INFO - Filling up the DagBag from /opt/airflow/dags/vertica_load_dag.py
[2024-12-04T06:50:50.234+0000] {processor.py:839} INFO - DAG(s) dict_keys(['load_data_to_vertica']) retrieved from /opt/airflow/dags/vertica_load_dag.py
[2024-12-04T06:50:50.330+0000] {logging_mixin.py:151} INFO - [2024-12-04T06:50:50.329+0000] {dag.py:2915} INFO - Sync 1 DAGs
[2024-12-04T06:50:50.337+0000] {logging_mixin.py:151} INFO - [2024-12-04T06:50:50.337+0000] {dag.py:3696} INFO - Setting next_dagrun for load_data_to_vertica to 2024-12-04T00:00:00+00:00, run_after=2024-12-05T00:00:00+00:00
[2024-12-04T06:50:50.344+0000] {processor.py:179} INFO - Processing /opt/airflow/dags/vertica_load_dag.py took 0.123 seconds
[2024-12-04T06:51:20.503+0000] {processor.py:157} INFO - Started process (PID=221) to work on /opt/airflow/dags/vertica_load_dag.py
[2024-12-04T06:51:20.505+0000] {processor.py:829} INFO - Processing file /opt/airflow/dags/vertica_load_dag.py for tasks to queue
[2024-12-04T06:51:20.506+0000] {logging_mixin.py:151} INFO - [2024-12-04T06:51:20.505+0000] {dagbag.py:539} INFO - Filling up the DagBag from /opt/airflow/dags/vertica_load_dag.py
[2024-12-04T06:51:20.707+0000] {processor.py:839} INFO - DAG(s) dict_keys(['load_data_to_vertica']) retrieved from /opt/airflow/dags/vertica_load_dag.py
[2024-12-04T06:51:20.720+0000] {logging_mixin.py:151} INFO - [2024-12-04T06:51:20.720+0000] {dag.py:2915} INFO - Sync 1 DAGs
[2024-12-04T06:51:20.728+0000] {logging_mixin.py:151} INFO - [2024-12-04T06:51:20.728+0000] {dag.py:3696} INFO - Setting next_dagrun for load_data_to_vertica to 2024-12-04T00:00:00+00:00, run_after=2024-12-05T00:00:00+00:00
[2024-12-04T06:51:20.734+0000] {processor.py:179} INFO - Processing /opt/airflow/dags/vertica_load_dag.py took 0.236 seconds
[2024-12-04T06:51:33.866+0000] {processor.py:157} INFO - Started process (PID=226) to work on /opt/airflow/dags/vertica_load_dag.py
[2024-12-04T06:51:33.867+0000] {processor.py:829} INFO - Processing file /opt/airflow/dags/vertica_load_dag.py for tasks to queue
[2024-12-04T06:51:33.868+0000] {logging_mixin.py:151} INFO - [2024-12-04T06:51:33.868+0000] {dagbag.py:539} INFO - Filling up the DagBag from /opt/airflow/dags/vertica_load_dag.py
[2024-12-04T06:51:33.986+0000] {processor.py:839} INFO - DAG(s) dict_keys(['load_data_to_vertica']) retrieved from /opt/airflow/dags/vertica_load_dag.py
[2024-12-04T06:51:34.047+0000] {logging_mixin.py:151} INFO - [2024-12-04T06:51:34.047+0000] {security.py:708} INFO - Not syncing DAG-level permissions for DAG 'DAG:load_data_to_vertica' as access control is unset.
[2024-12-04T06:51:34.048+0000] {logging_mixin.py:151} INFO - [2024-12-04T06:51:34.048+0000] {dag.py:2915} INFO - Sync 1 DAGs
[2024-12-04T06:51:34.056+0000] {logging_mixin.py:151} INFO - [2024-12-04T06:51:34.056+0000] {dag.py:3696} INFO - Setting next_dagrun for load_data_to_vertica to 2024-12-04T00:00:00+00:00, run_after=2024-12-05T00:00:00+00:00
[2024-12-04T06:51:34.066+0000] {processor.py:179} INFO - Processing /opt/airflow/dags/vertica_load_dag.py took 0.205 seconds
[2024-12-04T06:52:04.385+0000] {processor.py:157} INFO - Started process (PID=235) to work on /opt/airflow/dags/vertica_load_dag.py
[2024-12-04T06:52:04.387+0000] {processor.py:829} INFO - Processing file /opt/airflow/dags/vertica_load_dag.py for tasks to queue
[2024-12-04T06:52:04.388+0000] {logging_mixin.py:151} INFO - [2024-12-04T06:52:04.388+0000] {dagbag.py:539} INFO - Filling up the DagBag from /opt/airflow/dags/vertica_load_dag.py
[2024-12-04T06:52:04.412+0000] {processor.py:839} INFO - DAG(s) dict_keys(['load_data_to_vertica']) retrieved from /opt/airflow/dags/vertica_load_dag.py
[2024-12-04T06:52:04.441+0000] {logging_mixin.py:151} INFO - [2024-12-04T06:52:04.441+0000] {dag.py:2915} INFO - Sync 1 DAGs
[2024-12-04T06:52:04.482+0000] {logging_mixin.py:151} INFO - [2024-12-04T06:52:04.482+0000] {dag.py:3696} INFO - Setting next_dagrun for load_data_to_vertica to 2024-12-04T00:00:00+00:00, run_after=2024-12-05T00:00:00+00:00
[2024-12-04T06:52:04.492+0000] {processor.py:179} INFO - Processing /opt/airflow/dags/vertica_load_dag.py took 0.111 seconds
[2024-12-04T06:52:34.769+0000] {processor.py:157} INFO - Started process (PID=240) to work on /opt/airflow/dags/vertica_load_dag.py
[2024-12-04T06:52:34.771+0000] {processor.py:829} INFO - Processing file /opt/airflow/dags/vertica_load_dag.py for tasks to queue
[2024-12-04T06:52:34.772+0000] {logging_mixin.py:151} INFO - [2024-12-04T06:52:34.771+0000] {dagbag.py:539} INFO - Filling up the DagBag from /opt/airflow/dags/vertica_load_dag.py
[2024-12-04T06:52:34.793+0000] {processor.py:839} INFO - DAG(s) dict_keys(['load_data_to_vertica']) retrieved from /opt/airflow/dags/vertica_load_dag.py
[2024-12-04T06:52:34.815+0000] {logging_mixin.py:151} INFO - [2024-12-04T06:52:34.815+0000] {dag.py:2915} INFO - Sync 1 DAGs
[2024-12-04T06:52:34.828+0000] {logging_mixin.py:151} INFO - [2024-12-04T06:52:34.828+0000] {dag.py:3696} INFO - Setting next_dagrun for load_data_to_vertica to 2024-12-04T00:00:00+00:00, run_after=2024-12-05T00:00:00+00:00
[2024-12-04T06:52:34.836+0000] {processor.py:179} INFO - Processing /opt/airflow/dags/vertica_load_dag.py took 0.071 seconds
[2024-12-04T06:53:05.044+0000] {processor.py:157} INFO - Started process (PID=245) to work on /opt/airflow/dags/vertica_load_dag.py
[2024-12-04T06:53:05.046+0000] {processor.py:829} INFO - Processing file /opt/airflow/dags/vertica_load_dag.py for tasks to queue
[2024-12-04T06:53:05.047+0000] {logging_mixin.py:151} INFO - [2024-12-04T06:53:05.046+0000] {dagbag.py:539} INFO - Filling up the DagBag from /opt/airflow/dags/vertica_load_dag.py
[2024-12-04T06:53:05.093+0000] {processor.py:839} INFO - DAG(s) dict_keys(['load_data_to_vertica']) retrieved from /opt/airflow/dags/vertica_load_dag.py
[2024-12-04T06:53:05.121+0000] {logging_mixin.py:151} INFO - [2024-12-04T06:53:05.120+0000] {dag.py:2915} INFO - Sync 1 DAGs
[2024-12-04T06:53:05.134+0000] {logging_mixin.py:151} INFO - [2024-12-04T06:53:05.134+0000] {dag.py:3696} INFO - Setting next_dagrun for load_data_to_vertica to 2024-12-04T00:00:00+00:00, run_after=2024-12-05T00:00:00+00:00
[2024-12-04T06:53:05.159+0000] {processor.py:179} INFO - Processing /opt/airflow/dags/vertica_load_dag.py took 0.121 seconds
[2024-12-04T06:53:35.306+0000] {processor.py:157} INFO - Started process (PID=250) to work on /opt/airflow/dags/vertica_load_dag.py
[2024-12-04T06:53:35.315+0000] {processor.py:829} INFO - Processing file /opt/airflow/dags/vertica_load_dag.py for tasks to queue
[2024-12-04T06:53:35.318+0000] {logging_mixin.py:151} INFO - [2024-12-04T06:53:35.316+0000] {dagbag.py:539} INFO - Filling up the DagBag from /opt/airflow/dags/vertica_load_dag.py
[2024-12-04T06:53:35.343+0000] {processor.py:839} INFO - DAG(s) dict_keys(['load_data_to_vertica']) retrieved from /opt/airflow/dags/vertica_load_dag.py
[2024-12-04T06:53:35.375+0000] {logging_mixin.py:151} INFO - [2024-12-04T06:53:35.374+0000] {dag.py:2915} INFO - Sync 1 DAGs
[2024-12-04T06:53:35.390+0000] {logging_mixin.py:151} INFO - [2024-12-04T06:53:35.389+0000] {dag.py:3696} INFO - Setting next_dagrun for load_data_to_vertica to 2024-12-04T00:00:00+00:00, run_after=2024-12-05T00:00:00+00:00
[2024-12-04T06:53:35.399+0000] {processor.py:179} INFO - Processing /opt/airflow/dags/vertica_load_dag.py took 0.100 seconds
[2024-12-04T06:54:05.730+0000] {processor.py:157} INFO - Started process (PID=255) to work on /opt/airflow/dags/vertica_load_dag.py
[2024-12-04T06:54:05.731+0000] {processor.py:829} INFO - Processing file /opt/airflow/dags/vertica_load_dag.py for tasks to queue
[2024-12-04T06:54:05.732+0000] {logging_mixin.py:151} INFO - [2024-12-04T06:54:05.731+0000] {dagbag.py:539} INFO - Filling up the DagBag from /opt/airflow/dags/vertica_load_dag.py
[2024-12-04T06:54:05.754+0000] {processor.py:839} INFO - DAG(s) dict_keys(['load_data_to_vertica']) retrieved from /opt/airflow/dags/vertica_load_dag.py
[2024-12-04T06:54:05.802+0000] {logging_mixin.py:151} INFO - [2024-12-04T06:54:05.802+0000] {dag.py:2915} INFO - Sync 1 DAGs
[2024-12-04T06:54:05.816+0000] {logging_mixin.py:151} INFO - [2024-12-04T06:54:05.816+0000] {dag.py:3696} INFO - Setting next_dagrun for load_data_to_vertica to 2024-12-04T00:00:00+00:00, run_after=2024-12-05T00:00:00+00:00
[2024-12-04T06:54:05.824+0000] {processor.py:179} INFO - Processing /opt/airflow/dags/vertica_load_dag.py took 0.112 seconds
[2024-12-04T06:54:36.035+0000] {processor.py:157} INFO - Started process (PID=260) to work on /opt/airflow/dags/vertica_load_dag.py
[2024-12-04T06:54:36.044+0000] {processor.py:829} INFO - Processing file /opt/airflow/dags/vertica_load_dag.py for tasks to queue
[2024-12-04T06:54:36.051+0000] {logging_mixin.py:151} INFO - [2024-12-04T06:54:36.046+0000] {dagbag.py:539} INFO - Filling up the DagBag from /opt/airflow/dags/vertica_load_dag.py
[2024-12-04T06:54:36.076+0000] {processor.py:839} INFO - DAG(s) dict_keys(['load_data_to_vertica']) retrieved from /opt/airflow/dags/vertica_load_dag.py
[2024-12-04T06:54:36.102+0000] {logging_mixin.py:151} INFO - [2024-12-04T06:54:36.101+0000] {dag.py:2915} INFO - Sync 1 DAGs
[2024-12-04T06:54:36.116+0000] {logging_mixin.py:151} INFO - [2024-12-04T06:54:36.116+0000] {dag.py:3696} INFO - Setting next_dagrun for load_data_to_vertica to 2024-12-04T00:00:00+00:00, run_after=2024-12-05T00:00:00+00:00
[2024-12-04T06:54:36.124+0000] {processor.py:179} INFO - Processing /opt/airflow/dags/vertica_load_dag.py took 0.097 seconds
[2024-12-04T06:55:06.362+0000] {processor.py:157} INFO - Started process (PID=265) to work on /opt/airflow/dags/vertica_load_dag.py
[2024-12-04T06:55:06.364+0000] {processor.py:829} INFO - Processing file /opt/airflow/dags/vertica_load_dag.py for tasks to queue
[2024-12-04T06:55:06.365+0000] {logging_mixin.py:151} INFO - [2024-12-04T06:55:06.364+0000] {dagbag.py:539} INFO - Filling up the DagBag from /opt/airflow/dags/vertica_load_dag.py
[2024-12-04T06:55:06.387+0000] {processor.py:839} INFO - DAG(s) dict_keys(['load_data_to_vertica']) retrieved from /opt/airflow/dags/vertica_load_dag.py
[2024-12-04T06:55:06.441+0000] {logging_mixin.py:151} INFO - [2024-12-04T06:55:06.441+0000] {dag.py:2915} INFO - Sync 1 DAGs
[2024-12-04T06:55:06.455+0000] {logging_mixin.py:151} INFO - [2024-12-04T06:55:06.455+0000] {dag.py:3696} INFO - Setting next_dagrun for load_data_to_vertica to 2024-12-04T00:00:00+00:00, run_after=2024-12-05T00:00:00+00:00
[2024-12-04T06:55:06.464+0000] {processor.py:179} INFO - Processing /opt/airflow/dags/vertica_load_dag.py took 0.108 seconds
[2024-12-04T06:55:36.605+0000] {processor.py:157} INFO - Started process (PID=270) to work on /opt/airflow/dags/vertica_load_dag.py
[2024-12-04T06:55:36.606+0000] {processor.py:829} INFO - Processing file /opt/airflow/dags/vertica_load_dag.py for tasks to queue
[2024-12-04T06:55:36.607+0000] {logging_mixin.py:151} INFO - [2024-12-04T06:55:36.606+0000] {dagbag.py:539} INFO - Filling up the DagBag from /opt/airflow/dags/vertica_load_dag.py
[2024-12-04T06:55:36.618+0000] {processor.py:839} INFO - DAG(s) dict_keys(['load_data_to_vertica']) retrieved from /opt/airflow/dags/vertica_load_dag.py
[2024-12-04T06:55:36.637+0000] {logging_mixin.py:151} INFO - [2024-12-04T06:55:36.636+0000] {dag.py:2915} INFO - Sync 1 DAGs
[2024-12-04T06:55:36.651+0000] {logging_mixin.py:151} INFO - [2024-12-04T06:55:36.650+0000] {dag.py:3696} INFO - Setting next_dagrun for load_data_to_vertica to 2024-12-04T00:00:00+00:00, run_after=2024-12-05T00:00:00+00:00
[2024-12-04T06:55:36.659+0000] {processor.py:179} INFO - Processing /opt/airflow/dags/vertica_load_dag.py took 0.057 seconds
[2024-12-04T06:56:06.932+0000] {processor.py:157} INFO - Started process (PID=275) to work on /opt/airflow/dags/vertica_load_dag.py
[2024-12-04T06:56:06.934+0000] {processor.py:829} INFO - Processing file /opt/airflow/dags/vertica_load_dag.py for tasks to queue
[2024-12-04T06:56:06.935+0000] {logging_mixin.py:151} INFO - [2024-12-04T06:56:06.935+0000] {dagbag.py:539} INFO - Filling up the DagBag from /opt/airflow/dags/vertica_load_dag.py
[2024-12-04T06:56:06.956+0000] {processor.py:839} INFO - DAG(s) dict_keys(['load_data_to_vertica']) retrieved from /opt/airflow/dags/vertica_load_dag.py
[2024-12-04T06:56:07.004+0000] {logging_mixin.py:151} INFO - [2024-12-04T06:56:07.003+0000] {dag.py:2915} INFO - Sync 1 DAGs
[2024-12-04T06:56:07.020+0000] {logging_mixin.py:151} INFO - [2024-12-04T06:56:07.020+0000] {dag.py:3696} INFO - Setting next_dagrun for load_data_to_vertica to 2024-12-04T00:00:00+00:00, run_after=2024-12-05T00:00:00+00:00
[2024-12-04T06:56:07.029+0000] {processor.py:179} INFO - Processing /opt/airflow/dags/vertica_load_dag.py took 0.113 seconds
[2024-12-04T06:56:37.197+0000] {processor.py:157} INFO - Started process (PID=280) to work on /opt/airflow/dags/vertica_load_dag.py
[2024-12-04T06:56:37.198+0000] {processor.py:829} INFO - Processing file /opt/airflow/dags/vertica_load_dag.py for tasks to queue
[2024-12-04T06:56:37.199+0000] {logging_mixin.py:151} INFO - [2024-12-04T06:56:37.199+0000] {dagbag.py:539} INFO - Filling up the DagBag from /opt/airflow/dags/vertica_load_dag.py
[2024-12-04T06:56:37.215+0000] {processor.py:839} INFO - DAG(s) dict_keys(['load_data_to_vertica']) retrieved from /opt/airflow/dags/vertica_load_dag.py
[2024-12-04T06:56:37.235+0000] {logging_mixin.py:151} INFO - [2024-12-04T06:56:37.235+0000] {dag.py:2915} INFO - Sync 1 DAGs
[2024-12-04T06:56:37.248+0000] {logging_mixin.py:151} INFO - [2024-12-04T06:56:37.248+0000] {dag.py:3696} INFO - Setting next_dagrun for load_data_to_vertica to 2024-12-04T00:00:00+00:00, run_after=2024-12-05T00:00:00+00:00
[2024-12-04T06:56:37.258+0000] {processor.py:179} INFO - Processing /opt/airflow/dags/vertica_load_dag.py took 0.064 seconds
[2024-12-04T06:57:07.593+0000] {processor.py:157} INFO - Started process (PID=285) to work on /opt/airflow/dags/vertica_load_dag.py
[2024-12-04T06:57:07.594+0000] {processor.py:829} INFO - Processing file /opt/airflow/dags/vertica_load_dag.py for tasks to queue
[2024-12-04T06:57:07.595+0000] {logging_mixin.py:151} INFO - [2024-12-04T06:57:07.595+0000] {dagbag.py:539} INFO - Filling up the DagBag from /opt/airflow/dags/vertica_load_dag.py
[2024-12-04T06:57:07.622+0000] {processor.py:839} INFO - DAG(s) dict_keys(['load_data_to_vertica']) retrieved from /opt/airflow/dags/vertica_load_dag.py
[2024-12-04T06:57:07.657+0000] {logging_mixin.py:151} INFO - [2024-12-04T06:57:07.657+0000] {dag.py:2915} INFO - Sync 1 DAGs
[2024-12-04T06:57:07.676+0000] {logging_mixin.py:151} INFO - [2024-12-04T06:57:07.675+0000] {dag.py:3696} INFO - Setting next_dagrun for load_data_to_vertica to 2024-12-04T00:00:00+00:00, run_after=2024-12-05T00:00:00+00:00
[2024-12-04T06:57:07.688+0000] {processor.py:179} INFO - Processing /opt/airflow/dags/vertica_load_dag.py took 0.100 seconds
[2024-12-04T06:57:37.893+0000] {processor.py:157} INFO - Started process (PID=290) to work on /opt/airflow/dags/vertica_load_dag.py
[2024-12-04T06:57:37.894+0000] {processor.py:829} INFO - Processing file /opt/airflow/dags/vertica_load_dag.py for tasks to queue
[2024-12-04T06:57:37.895+0000] {logging_mixin.py:151} INFO - [2024-12-04T06:57:37.895+0000] {dagbag.py:539} INFO - Filling up the DagBag from /opt/airflow/dags/vertica_load_dag.py
[2024-12-04T06:57:37.917+0000] {processor.py:839} INFO - DAG(s) dict_keys(['load_data_to_vertica']) retrieved from /opt/airflow/dags/vertica_load_dag.py
[2024-12-04T06:57:37.940+0000] {logging_mixin.py:151} INFO - [2024-12-04T06:57:37.940+0000] {dag.py:2915} INFO - Sync 1 DAGs
[2024-12-04T06:57:37.958+0000] {logging_mixin.py:151} INFO - [2024-12-04T06:57:37.958+0000] {dag.py:3696} INFO - Setting next_dagrun for load_data_to_vertica to 2024-12-04T00:00:00+00:00, run_after=2024-12-05T00:00:00+00:00
[2024-12-04T06:57:37.966+0000] {processor.py:179} INFO - Processing /opt/airflow/dags/vertica_load_dag.py took 0.078 seconds
[2024-12-04T06:58:08.248+0000] {processor.py:157} INFO - Started process (PID=295) to work on /opt/airflow/dags/vertica_load_dag.py
[2024-12-04T06:58:08.249+0000] {processor.py:829} INFO - Processing file /opt/airflow/dags/vertica_load_dag.py for tasks to queue
[2024-12-04T06:58:08.250+0000] {logging_mixin.py:151} INFO - [2024-12-04T06:58:08.250+0000] {dagbag.py:539} INFO - Filling up the DagBag from /opt/airflow/dags/vertica_load_dag.py
[2024-12-04T06:58:08.268+0000] {processor.py:839} INFO - DAG(s) dict_keys(['load_data_to_vertica']) retrieved from /opt/airflow/dags/vertica_load_dag.py
[2024-12-04T06:58:08.289+0000] {logging_mixin.py:151} INFO - [2024-12-04T06:58:08.289+0000] {dag.py:2915} INFO - Sync 1 DAGs
[2024-12-04T06:58:08.301+0000] {logging_mixin.py:151} INFO - [2024-12-04T06:58:08.300+0000] {dag.py:3696} INFO - Setting next_dagrun for load_data_to_vertica to 2024-12-04T00:00:00+00:00, run_after=2024-12-05T00:00:00+00:00
[2024-12-04T06:58:08.307+0000] {processor.py:179} INFO - Processing /opt/airflow/dags/vertica_load_dag.py took 0.064 seconds
[2024-12-04T06:58:38.536+0000] {processor.py:157} INFO - Started process (PID=300) to work on /opt/airflow/dags/vertica_load_dag.py
[2024-12-04T06:58:38.540+0000] {processor.py:829} INFO - Processing file /opt/airflow/dags/vertica_load_dag.py for tasks to queue
[2024-12-04T06:58:38.542+0000] {logging_mixin.py:151} INFO - [2024-12-04T06:58:38.541+0000] {dagbag.py:539} INFO - Filling up the DagBag from /opt/airflow/dags/vertica_load_dag.py
[2024-12-04T06:58:38.576+0000] {processor.py:839} INFO - DAG(s) dict_keys(['load_data_to_vertica']) retrieved from /opt/airflow/dags/vertica_load_dag.py
[2024-12-04T06:58:38.604+0000] {logging_mixin.py:151} INFO - [2024-12-04T06:58:38.604+0000] {dag.py:2915} INFO - Sync 1 DAGs
[2024-12-04T06:58:38.623+0000] {logging_mixin.py:151} INFO - [2024-12-04T06:58:38.623+0000] {dag.py:3696} INFO - Setting next_dagrun for load_data_to_vertica to 2024-12-04T00:00:00+00:00, run_after=2024-12-05T00:00:00+00:00
[2024-12-04T06:58:38.658+0000] {processor.py:179} INFO - Processing /opt/airflow/dags/vertica_load_dag.py took 0.127 seconds
[2024-12-04T06:59:08.880+0000] {processor.py:157} INFO - Started process (PID=305) to work on /opt/airflow/dags/vertica_load_dag.py
[2024-12-04T06:59:08.888+0000] {processor.py:829} INFO - Processing file /opt/airflow/dags/vertica_load_dag.py for tasks to queue
[2024-12-04T06:59:08.890+0000] {logging_mixin.py:151} INFO - [2024-12-04T06:59:08.890+0000] {dagbag.py:539} INFO - Filling up the DagBag from /opt/airflow/dags/vertica_load_dag.py
[2024-12-04T06:59:08.912+0000] {processor.py:839} INFO - DAG(s) dict_keys(['load_data_to_vertica']) retrieved from /opt/airflow/dags/vertica_load_dag.py
[2024-12-04T06:59:08.955+0000] {logging_mixin.py:151} INFO - [2024-12-04T06:59:08.955+0000] {dag.py:2915} INFO - Sync 1 DAGs
[2024-12-04T06:59:08.972+0000] {logging_mixin.py:151} INFO - [2024-12-04T06:59:08.972+0000] {dag.py:3696} INFO - Setting next_dagrun for load_data_to_vertica to 2024-12-04T00:00:00+00:00, run_after=2024-12-05T00:00:00+00:00
[2024-12-04T06:59:09.023+0000] {processor.py:179} INFO - Processing /opt/airflow/dags/vertica_load_dag.py took 0.165 seconds
[2024-12-04T06:59:39.173+0000] {processor.py:157} INFO - Started process (PID=310) to work on /opt/airflow/dags/vertica_load_dag.py
[2024-12-04T06:59:39.175+0000] {processor.py:829} INFO - Processing file /opt/airflow/dags/vertica_load_dag.py for tasks to queue
[2024-12-04T06:59:39.177+0000] {logging_mixin.py:151} INFO - [2024-12-04T06:59:39.176+0000] {dagbag.py:539} INFO - Filling up the DagBag from /opt/airflow/dags/vertica_load_dag.py
[2024-12-04T06:59:39.201+0000] {processor.py:839} INFO - DAG(s) dict_keys(['load_data_to_vertica']) retrieved from /opt/airflow/dags/vertica_load_dag.py
[2024-12-04T06:59:39.224+0000] {logging_mixin.py:151} INFO - [2024-12-04T06:59:39.224+0000] {dag.py:2915} INFO - Sync 1 DAGs
[2024-12-04T06:59:39.237+0000] {logging_mixin.py:151} INFO - [2024-12-04T06:59:39.237+0000] {dag.py:3696} INFO - Setting next_dagrun for load_data_to_vertica to 2024-12-04T00:00:00+00:00, run_after=2024-12-05T00:00:00+00:00
[2024-12-04T06:59:39.246+0000] {processor.py:179} INFO - Processing /opt/airflow/dags/vertica_load_dag.py took 0.079 seconds
[2024-12-04T07:00:09.556+0000] {processor.py:157} INFO - Started process (PID=315) to work on /opt/airflow/dags/vertica_load_dag.py
[2024-12-04T07:00:09.558+0000] {processor.py:829} INFO - Processing file /opt/airflow/dags/vertica_load_dag.py for tasks to queue
[2024-12-04T07:00:09.559+0000] {logging_mixin.py:151} INFO - [2024-12-04T07:00:09.559+0000] {dagbag.py:539} INFO - Filling up the DagBag from /opt/airflow/dags/vertica_load_dag.py
[2024-12-04T07:00:09.578+0000] {processor.py:839} INFO - DAG(s) dict_keys(['load_data_to_vertica']) retrieved from /opt/airflow/dags/vertica_load_dag.py
[2024-12-04T07:00:09.600+0000] {logging_mixin.py:151} INFO - [2024-12-04T07:00:09.600+0000] {dag.py:2915} INFO - Sync 1 DAGs
[2024-12-04T07:00:09.637+0000] {logging_mixin.py:151} INFO - [2024-12-04T07:00:09.637+0000] {dag.py:3696} INFO - Setting next_dagrun for load_data_to_vertica to 2024-12-04T00:00:00+00:00, run_after=2024-12-05T00:00:00+00:00
[2024-12-04T07:00:09.646+0000] {processor.py:179} INFO - Processing /opt/airflow/dags/vertica_load_dag.py took 0.094 seconds
[2024-12-04T07:00:39.872+0000] {processor.py:157} INFO - Started process (PID=320) to work on /opt/airflow/dags/vertica_load_dag.py
[2024-12-04T07:00:39.874+0000] {processor.py:829} INFO - Processing file /opt/airflow/dags/vertica_load_dag.py for tasks to queue
[2024-12-04T07:00:39.876+0000] {logging_mixin.py:151} INFO - [2024-12-04T07:00:39.875+0000] {dagbag.py:539} INFO - Filling up the DagBag from /opt/airflow/dags/vertica_load_dag.py
[2024-12-04T07:00:39.903+0000] {processor.py:839} INFO - DAG(s) dict_keys(['load_data_to_vertica']) retrieved from /opt/airflow/dags/vertica_load_dag.py
[2024-12-04T07:00:39.927+0000] {logging_mixin.py:151} INFO - [2024-12-04T07:00:39.927+0000] {dag.py:2915} INFO - Sync 1 DAGs
[2024-12-04T07:00:39.942+0000] {logging_mixin.py:151} INFO - [2024-12-04T07:00:39.942+0000] {dag.py:3696} INFO - Setting next_dagrun for load_data_to_vertica to 2024-12-04T00:00:00+00:00, run_after=2024-12-05T00:00:00+00:00
[2024-12-04T07:00:39.950+0000] {processor.py:179} INFO - Processing /opt/airflow/dags/vertica_load_dag.py took 0.085 seconds
[2024-12-04T07:01:10.403+0000] {processor.py:157} INFO - Started process (PID=325) to work on /opt/airflow/dags/vertica_load_dag.py
[2024-12-04T07:01:10.405+0000] {processor.py:829} INFO - Processing file /opt/airflow/dags/vertica_load_dag.py for tasks to queue
[2024-12-04T07:01:10.407+0000] {logging_mixin.py:151} INFO - [2024-12-04T07:01:10.406+0000] {dagbag.py:539} INFO - Filling up the DagBag from /opt/airflow/dags/vertica_load_dag.py
[2024-12-04T07:01:10.438+0000] {processor.py:839} INFO - DAG(s) dict_keys(['load_data_to_vertica']) retrieved from /opt/airflow/dags/vertica_load_dag.py
[2024-12-04T07:01:10.465+0000] {logging_mixin.py:151} INFO - [2024-12-04T07:01:10.465+0000] {dag.py:2915} INFO - Sync 1 DAGs
[2024-12-04T07:01:10.478+0000] {logging_mixin.py:151} INFO - [2024-12-04T07:01:10.478+0000] {dag.py:3696} INFO - Setting next_dagrun for load_data_to_vertica to 2024-12-04T00:00:00+00:00, run_after=2024-12-05T00:00:00+00:00
[2024-12-04T07:01:10.485+0000] {processor.py:179} INFO - Processing /opt/airflow/dags/vertica_load_dag.py took 0.086 seconds
